<?xml version="1.0" encoding="UTF-8"?>
<testsuites name="AdminPanelTestSuite" time="764.802" tests="5" failures="3" errors="0">
   <testsuite name="AdminPanelTestSuite" tests="5" failures="3" errors="0" time="764.802" skipped="0" timestamp="06-08-2024T15:08:56" hostname="Jasmine - LAPTOP-E0HSAR0R" id="Test Suites/AdminPanelTestSuite">
      <properties>
         <property name="deviceName" value=""/>
         <property name="devicePlatform"/>
         <property name="logFolder" value="D:\\KatalonTraining\\CertificationProject\\OrangeHRMS\\OrangeHRMS\\OrangeHRMS\\Reports\\20240806_150847\\AdminPanelTestSuite\\20240806_150847"/>
         <property name="logFiles" value="D:\\KatalonTraining\\CertificationProject\\OrangeHRMS\\OrangeHRMS\\OrangeHRMS\\Reports\\20240806_150847\\AdminPanelTestSuite\\20240806_150847\\execution0.log"/>
         <property name="attachments" value="D:\\KatalonTraining\\CertificationProject\\OrangeHRMS\\OrangeHRMS\\OrangeHRMS\\Reports\\20240806_150847\\AdminPanelTestSuite\\20240806_150847\\1722937197594.png, D:\\KatalonTraining\\CertificationProject\\OrangeHRMS\\OrangeHRMS\\OrangeHRMS\\Reports\\20240806_150847\\AdminPanelTestSuite\\20240806_150847\\1722937198732.png, D:\\KatalonTraining\\CertificationProject\\OrangeHRMS\\OrangeHRMS\\OrangeHRMS\\Reports\\20240806_150847\\AdminPanelTestSuite\\20240806_150847\\1722937263116.png, D:\\KatalonTraining\\CertificationProject\\OrangeHRMS\\OrangeHRMS\\OrangeHRMS\\Reports\\20240806_150847\\AdminPanelTestSuite\\20240806_150847\\1722937263892.png, D:\\KatalonTraining\\CertificationProject\\OrangeHRMS\\OrangeHRMS\\OrangeHRMS\\Reports\\20240806_150847\\AdminPanelTestSuite\\20240806_150847\\1722937317517.png, D:\\KatalonTraining\\CertificationProject\\OrangeHRMS\\OrangeHRMS\\OrangeHRMS\\Reports\\20240806_150847\\AdminPanelTestSuite\\20240806_150847\\1722937318421.png, D:\\KatalonTraining\\CertificationProject\\OrangeHRMS\\OrangeHRMS\\OrangeHRMS\\Reports\\20240806_150847\\AdminPanelTestSuite\\20240806_150847\\1722937374432.png, D:\\KatalonTraining\\CertificationProject\\OrangeHRMS\\OrangeHRMS\\OrangeHRMS\\Reports\\20240806_150847\\AdminPanelTestSuite\\20240806_150847\\1722937375688.png, D:\\KatalonTraining\\CertificationProject\\OrangeHRMS\\OrangeHRMS\\OrangeHRMS\\Reports\\20240806_150847\\AdminPanelTestSuite\\20240806_150847\\1722937501202.png, D:\\KatalonTraining\\CertificationProject\\OrangeHRMS\\OrangeHRMS\\OrangeHRMS\\Reports\\20240806_150847\\AdminPanelTestSuite\\20240806_150847\\1722937501677.png, D:\\KatalonTraining\\CertificationProject\\OrangeHRMS\\OrangeHRMS\\OrangeHRMS\\Reports\\20240806_150847\\AdminPanelTestSuite\\20240806_150847\\1722937586888.png, D:\\KatalonTraining\\CertificationProject\\OrangeHRMS\\OrangeHRMS\\OrangeHRMS\\Reports\\20240806_150847\\AdminPanelTestSuite\\20240806_150847\\1722937587407.png, D:\\KatalonTraining\\CertificationProject\\OrangeHRMS\\OrangeHRMS\\OrangeHRMS\\Reports\\20240806_150847\\AdminPanelTestSuite\\20240806_150847\\1722937659493.png, D:\\KatalonTraining\\CertificationProject\\OrangeHRMS\\OrangeHRMS\\OrangeHRMS\\Reports\\20240806_150847\\AdminPanelTestSuite\\20240806_150847\\1722937659904.png, D:\\KatalonTraining\\CertificationProject\\OrangeHRMS\\OrangeHRMS\\OrangeHRMS\\Reports\\20240806_150847\\AdminPanelTestSuite\\20240806_150847\\1722937734138.png, D:\\KatalonTraining\\CertificationProject\\OrangeHRMS\\OrangeHRMS\\OrangeHRMS\\Reports\\20240806_150847\\AdminPanelTestSuite\\20240806_150847\\1722937734669.png, D:\\KatalonTraining\\CertificationProject\\OrangeHRMS\\OrangeHRMS\\OrangeHRMS\\Reports\\20240806_150847\\AdminPanelTestSuite\\20240806_150847\\1722937762351.png, D:\\KatalonTraining\\CertificationProject\\OrangeHRMS\\OrangeHRMS\\OrangeHRMS\\Reports\\20240806_150847\\AdminPanelTestSuite\\20240806_150847\\1722937791894.png, D:\\KatalonTraining\\CertificationProject\\OrangeHRMS\\OrangeHRMS\\OrangeHRMS\\Reports\\20240806_150847\\AdminPanelTestSuite\\20240806_150847\\1722937830951.png, D:\\KatalonTraining\\CertificationProject\\OrangeHRMS\\OrangeHRMS\\OrangeHRMS\\Reports\\20240806_150847\\AdminPanelTestSuite\\20240806_150847\\1722937860260.png"/>
         <property name="hostName" value="Jasmine - LAPTOP-E0HSAR0R"/>
         <property name="os" value="Windows 11 64bit"/>
         <property name="katalonVersion" value="9.6.0.217"/>
         <property name="browser" value="Chrome 127.0.0.0"/>
         <property name="hostAddress" value="192.168.1.5"/>
         <property name="sessionId" value="ae7447ca213c3aae9443b577828c6a82"/>
         <property name="seleniumVersion" value="3.141.59"/>
         <property name="proxyInformation" value="ProxyInformation { proxyOption=NO_PROXY, proxyServerType=HTTP, username=, password=********, proxyServerAddress=, proxyServerPort=0, executionList=&quot;&quot;, isApplyToDesiredCapabilities=true }"/>
         <property name="platform" value="Windows 11"/>
      </properties>
      <testcase name="Test Cases/AdminPanelTests/VerifyAddingANewNationality" time="57.344" classname="Test Cases/AdminPanelTests/VerifyAddingANewNationality" status="FAILED">
         <failure type="FAILED" message="Test Cases/AdminPanelTests/VerifyAddingANewNationality FAILED.&#xa;Reason:&#xa;com.kms.katalon.core.exception.StepFailedException: Verify element text of test object 'Object Repository/Nationality/SuccessMessage' FAILED.&#xa;	at com.kms.katalon.core.webui.keyword.internal.WebUIKeywordMain.stepFailed(WebUIKeywordMain.groovy:64)&#xa;	at com.kms.katalon.core.webui.keyword.internal.WebUIKeywordMain.runKeyword(WebUIKeywordMain.groovy:26)&#xa;	at com.kms.katalon.core.webui.keyword.builtin.VerifyElementTextKeyword.verifyElementText(VerifyElementTextKeyword.groovy:72)&#xa;	at com.kms.katalon.core.webui.keyword.builtin.VerifyElementTextKeyword.execute(VerifyElementTextKeyword.groovy:40)&#xa;	at com.kms.katalon.core.keyword.internal.KeywordExecutor.executeKeywordForPlatform(KeywordExecutor.groovy:74)&#xa;	at com.kms.katalon.core.webui.keyword.WebUiBuiltInKeywords.verifyElementText(WebUiBuiltInKeywords.groovy:4835)&#xa;	at VerifyAddingANewNationality.run(VerifyAddingANewNationality:40)&#xa;	at com.kms.katalon.core.main.ScriptEngine.run(ScriptEngine.java:194)&#xa;	at com.kms.katalon.core.main.ScriptEngine.runScriptAsRawText(ScriptEngine.java:119)&#xa;	at com.kms.katalon.core.main.TestCaseExecutor.runScript(TestCaseExecutor.java:448)&#xa;	at com.kms.katalon.core.main.TestCaseExecutor.doExecute(TestCaseExecutor.java:439)&#xa;	at com.kms.katalon.core.main.TestCaseExecutor.processExecutionPhase(TestCaseExecutor.java:418)&#xa;	at com.kms.katalon.core.main.TestCaseExecutor.accessMainPhase(TestCaseExecutor.java:410)&#xa;	at com.kms.katalon.core.main.TestCaseExecutor.execute(TestCaseExecutor.java:285)&#xa;	at com.kms.katalon.core.main.TestCaseExecutor.execute(TestCaseExecutor.java:369)&#xa;	at com.kms.katalon.core.main.TestCaseExecutor.execute(TestCaseExecutor.java:369)&#xa;	at com.kms.katalon.core.main.TestCaseExecutor.execute(TestCaseExecutor.java:369)&#xa;	at com.kms.katalon.core.common.CommonExecutor.accessTestCaseMainPhase(CommonExecutor.java:65)&#xa;	at com.kms.katalon.core.main.TestSuiteExecutor.accessTestSuiteMainPhase(TestSuiteExecutor.java:150)&#xa;	at com.kms.katalon.core.main.TestSuiteExecutor.execute(TestSuiteExecutor.java:106)&#xa;	at com.kms.katalon.core.main.TestCaseMain.startTestSuite(TestCaseMain.java:180)&#xa;	at TempTestSuite1722937127383.run(TempTestSuite1722937127383.groovy:35)&#xa;	at java.base/jdk.internal.reflect.NativeMethodAccessorImpl.invoke0(Native Method)&#xa;	at java.base/jdk.internal.reflect.NativeMethodAccessorImpl.invoke(NativeMethodAccessorImpl.java:77)&#xa;	at java.base/jdk.internal.reflect.DelegatingMethodAccessorImpl.invoke(DelegatingMethodAccessorImpl.java:43)&#xa;Caused by: com.kms.katalon.core.exception.StepFailedException: Actual text 'Info&#xa;No Records Found&#xa;Ã—' and expected text 'Succesfully Saved' of test object 'Object Repository/Nationality/SuccessMessage' are NOT matched.&#xa;	at com.kms.katalon.core.webui.keyword.internal.WebUIKeywordMain.stepFailed(WebUIKeywordMain.groovy:64)&#xa;	at com.kms.katalon.core.webui.keyword.builtin.VerifyElementTextKeyword$_verifyElementText_closure1.doCall(VerifyElementTextKeyword.groovy:57)&#xa;	at com.kms.katalon.core.webui.keyword.builtin.VerifyElementTextKeyword$_verifyElementText_closure1.call(VerifyElementTextKeyword.groovy)&#xa;	at com.kms.katalon.core.webui.keyword.internal.WebUIKeywordMain.runKeyword(WebUIKeywordMain.groovy:20)&#xa;	... 23 more&#xa;"/>
         <system-out><![CDATA[06-08-2024T15:11:58 - [TEST_CASE][FAILED] - Test Cases/AdminPanelTests/VerifyAddingANewNationality: Test Cases/AdminPanelTests/VerifyAddingANewNationality FAILED.
Reason:
com.kms.katalon.core.exception.StepFailedException: Verify element text of test object 'Object Repository/Nationality/SuccessMessage' FAILED.
	at com.kms.katalon.core.webui.keyword.internal.WebUIKeywordMain.stepFailed(WebUIKeywordMain.groovy:64)
	at com.kms.katalon.core.webui.keyword.internal.WebUIKeywordMain.runKeyword(WebUIKeywordMain.groovy:26)
	at com.kms.katalon.core.webui.keyword.builtin.VerifyElementTextKeyword.verifyElementText(VerifyElementTextKeyword.groovy:72)
	at com.kms.katalon.core.webui.keyword.builtin.VerifyElementTextKeyword.execute(VerifyElementTextKeyword.groovy:40)
	at com.kms.katalon.core.keyword.internal.KeywordExecutor.executeKeywordForPlatform(KeywordExecutor.groovy:74)
	at com.kms.katalon.core.webui.keyword.WebUiBuiltInKeywords.verifyElementText(WebUiBuiltInKeywords.groovy:4835)
	at VerifyAddingANewNationality.run(VerifyAddingANewNationality:40)
	at com.kms.katalon.core.main.ScriptEngine.run(ScriptEngine.java:194)
	at com.kms.katalon.core.main.ScriptEngine.runScriptAsRawText(ScriptEngine.java:119)
	at com.kms.katalon.core.main.TestCaseExecutor.runScript(TestCaseExecutor.java:448)
	at com.kms.katalon.core.main.TestCaseExecutor.doExecute(TestCaseExecutor.java:439)
	at com.kms.katalon.core.main.TestCaseExecutor.processExecutionPhase(TestCaseExecutor.java:418)
	at com.kms.katalon.core.main.TestCaseExecutor.accessMainPhase(TestCaseExecutor.java:410)
	at com.kms.katalon.core.main.TestCaseExecutor.execute(TestCaseExecutor.java:285)
	at com.kms.katalon.core.main.TestCaseExecutor.execute(TestCaseExecutor.java:369)
	at com.kms.katalon.core.main.TestCaseExecutor.execute(TestCaseExecutor.java:369)
	at com.kms.katalon.core.main.TestCaseExecutor.execute(TestCaseExecutor.java:369)
	at com.kms.katalon.core.common.CommonExecutor.accessTestCaseMainPhase(CommonExecutor.java:65)
	at com.kms.katalon.core.main.TestSuiteExecutor.accessTestSuiteMainPhase(TestSuiteExecutor.java:150)
	at com.kms.katalon.core.main.TestSuiteExecutor.execute(TestSuiteExecutor.java:106)
	at com.kms.katalon.core.main.TestCaseMain.startTestSuite(TestCaseMain.java:180)
	at TempTestSuite1722937127383.run(TempTestSuite1722937127383.groovy:35)
	at java.base/jdk.internal.reflect.NativeMethodAccessorImpl.invoke0(Native Method)
	at java.base/jdk.internal.reflect.NativeMethodAccessorImpl.invoke(NativeMethodAccessorImpl.java:77)
	at java.base/jdk.internal.reflect.DelegatingMethodAccessorImpl.invoke(DelegatingMethodAccessorImpl.java:43)
Caused by: com.kms.katalon.core.exception.StepFailedException: Actual text 'Info
No Records Found
Ã—' and expected text 'Succesfully Saved' of test object 'Object Repository/Nationality/SuccessMessage' are NOT matched.
	at com.kms.katalon.core.webui.keyword.internal.WebUIKeywordMain.stepFailed(WebUIKeywordMain.groovy:64)
	at com.kms.katalon.core.webui.keyword.builtin.VerifyElementTextKeyword$_verifyElementText_closure1.doCall(VerifyElementTextKeyword.groovy:57)
	at com.kms.katalon.core.webui.keyword.builtin.VerifyElementTextKeyword$_verifyElementText_closure1.call(VerifyElementTextKeyword.groovy)
	at com.kms.katalon.core.webui.keyword.internal.WebUIKeywordMain.runKeyword(WebUIKeywordMain.groovy:20)
	... 23 more


06-08-2024T15:11:58 - [TEST_STEP][PASSED] - openBrowser(""): Browser is opened with url: ''

06-08-2024T15:11:58 - [MESSAGE][WARNING] - A browser is already opened. Closing browser and opening a new one

06-08-2024T15:11:59 - [MESSAGE][INFO] - Starting 'Chrome' driver

06-08-2024T15:11:59 - [MESSAGE][INFO] - Action delay is set to 0 milliseconds

06-08-2024T15:12:02 - [MESSAGE][PASSED] - Browser is opened with url: ''

06-08-2024T15:12:02 - [TEST_STEP][PASSED] - navigateToUrl("https://opensource-demo.orangehrmlive.com/web/index.php/auth/login"): Navigate to 'https://opensource-demo.orangehrmlive.com/web/index.php/auth/login' successfully

06-08-2024T15:12:22 - [MESSAGE][PASSED] - Navigate to 'https://opensource-demo.orangehrmlive.com/web/index.php/auth/login' successfully

06-08-2024T15:12:22 - [TEST_STEP][PASSED] - setText(findTestObject("LoginPage/UserNameField"), "Admin"): Text 'Admin' is set on object 'Object Repository/LoginPage/UserNameField'

06-08-2024T15:12:25 - [MESSAGE][PASSED] - Text 'Admin' is set on object 'Object Repository/LoginPage/UserNameField'

06-08-2024T15:12:25 - [TEST_STEP][PASSED] - setEncryptedText(findTestObject("LoginPage/PasswordField"), "hUKwJTbofgPU9eVlw/CnDQ=="): Text ****** has been set on object 'Object Repository/LoginPage/PasswordField'

06-08-2024T15:12:28 - [MESSAGE][PASSED] - Text ****** has been set on object 'Object Repository/LoginPage/PasswordField'

06-08-2024T15:12:28 - [TEST_STEP][PASSED] - click(findTestObject("LoginPage/LoginButton")): Object: 'Object Repository/LoginPage/LoginButton' is clicked on

06-08-2024T15:12:31 - [MESSAGE][PASSED] - Object: 'Object Repository/LoginPage/LoginButton' is clicked on

06-08-2024T15:12:31 - [TEST_STEP][PASSED] - click(findTestObject("HomePage/Page_OrangeHRM/AdminLink")): Object: 'Object Repository/HomePage/Page_OrangeHRM/AdminLink' is clicked on

06-08-2024T15:12:34 - [MESSAGE][PASSED] - Object: 'Object Repository/HomePage/Page_OrangeHRM/AdminLink' is clicked on

06-08-2024T15:12:34 - [TEST_STEP][PASSED] - click(findTestObject("Object Repository/Nationality/NationalitiesLink")): Object: 'Object Repository/Nationality/NationalitiesLink' is clicked on

06-08-2024T15:12:37 - [MESSAGE][PASSED] - Object: 'Object Repository/Nationality/NationalitiesLink' is clicked on

06-08-2024T15:12:37 - [TEST_STEP][PASSED] - click(findTestObject("Object Repository/Nationality/AddNationalityButton")): Object: 'Object Repository/Nationality/AddNationalityButton' is clicked on

06-08-2024T15:12:40 - [MESSAGE][PASSED] - Object: 'Object Repository/Nationality/AddNationalityButton' is clicked on

06-08-2024T15:12:40 - [TEST_STEP][PASSED] - setText(findTestObject("Nationality/NationalityCheckBox"), "aaaaa"): Text 'aaaaa' is set on object 'Object Repository/Nationality/NationalityCheckBox'

06-08-2024T15:12:48 - [MESSAGE][PASSED] - Text 'aaaaa' is set on object 'Object Repository/Nationality/NationalityCheckBox'

06-08-2024T15:12:48 - [TEST_STEP][PASSED] - click(findTestObject("Object Repository/Nationality/SaveNationalityButton")): Object: 'Object Repository/Nationality/SaveNationalityButton' is clicked on

06-08-2024T15:12:51 - [MESSAGE][PASSED] - Object: 'Object Repository/Nationality/SaveNationalityButton' is clicked on

06-08-2024T15:12:51 - [TEST_STEP][FAILED] - verifyElementText(findTestObject("Object Repository/Nationality/SuccessMessage"), "Succesfully Saved"): Verify element text of test object 'Object Repository/Nationality/SuccessMessage' FAILED. (Root cause: com.kms.katalon.core.exception.StepFailedException: Verify element text of test object 'Object Repository/Nationality/SuccessMessage' FAILED.
	at com.kms.katalon.core.webui.keyword.internal.WebUIKeywordMain.stepFailed(WebUIKeywordMain.groovy:64)
	at com.kms.katalon.core.webui.keyword.internal.WebUIKeywordMain.runKeyword(WebUIKeywordMain.groovy:26)
	at com.kms.katalon.core.webui.keyword.builtin.VerifyElementTextKeyword.verifyElementText(VerifyElementTextKeyword.groovy:72)
	at com.kms.katalon.core.webui.keyword.builtin.VerifyElementTextKeyword.execute(VerifyElementTextKeyword.groovy:40)
	at com.kms.katalon.core.keyword.internal.KeywordExecutor.executeKeywordForPlatform(KeywordExecutor.groovy:74)
	at com.kms.katalon.core.webui.keyword.WebUiBuiltInKeywords.verifyElementText(WebUiBuiltInKeywords.groovy:4835)
	at VerifyAddingANewNationality.run(VerifyAddingANewNationality:40)
	at com.kms.katalon.core.main.ScriptEngine.run(ScriptEngine.java:194)
	at com.kms.katalon.core.main.ScriptEngine.runScriptAsRawText(ScriptEngine.java:119)
	at com.kms.katalon.core.main.TestCaseExecutor.runScript(TestCaseExecutor.java:448)
	at com.kms.katalon.core.main.TestCaseExecutor.doExecute(TestCaseExecutor.java:439)
	at com.kms.katalon.core.main.TestCaseExecutor.processExecutionPhase(TestCaseExecutor.java:418)
	at com.kms.katalon.core.main.TestCaseExecutor.accessMainPhase(TestCaseExecutor.java:410)
	at com.kms.katalon.core.main.TestCaseExecutor.execute(TestCaseExecutor.java:285)
	at com.kms.katalon.core.main.TestCaseExecutor.execute(TestCaseExecutor.java:369)
	at com.kms.katalon.core.main.TestCaseExecutor.execute(TestCaseExecutor.java:369)
	at com.kms.katalon.core.main.TestCaseExecutor.execute(TestCaseExecutor.java:369)
	at com.kms.katalon.core.common.CommonExecutor.accessTestCaseMainPhase(CommonExecutor.java:65)
	at com.kms.katalon.core.main.TestSuiteExecutor.accessTestSuiteMainPhase(TestSuiteExecutor.java:150)
	at com.kms.katalon.core.main.TestSuiteExecutor.execute(TestSuiteExecutor.java:106)
	at com.kms.katalon.core.main.TestCaseMain.startTestSuite(TestCaseMain.java:180)
	at TempTestSuite1722937127383.run(TempTestSuite1722937127383.groovy:35)
	at java.base/jdk.internal.reflect.NativeMethodAccessorImpl.invoke0(Native Method)
	at java.base/jdk.internal.reflect.NativeMethodAccessorImpl.invoke(NativeMethodAccessorImpl.java:77)
	at java.base/jdk.internal.reflect.DelegatingMethodAccessorImpl.invoke(DelegatingMethodAccessorImpl.java:43)
Caused by: com.kms.katalon.core.exception.StepFailedException: Actual text 'Info
No Records Found
Ã—' and expected text 'Succesfully Saved' of test object 'Object Repository/Nationality/SuccessMessage' are NOT matched.
	at com.kms.katalon.core.webui.keyword.internal.WebUIKeywordMain.stepFailed(WebUIKeywordMain.groovy:64)
	at com.kms.katalon.core.webui.keyword.builtin.VerifyElementTextKeyword$_verifyElementText_closure1.doCall(VerifyElementTextKeyword.groovy:57)
	at com.kms.katalon.core.webui.keyword.builtin.VerifyElementTextKeyword$_verifyElementText_closure1.call(VerifyElementTextKeyword.groovy)
	at com.kms.katalon.core.webui.keyword.internal.WebUIKeywordMain.runKeyword(WebUIKeywordMain.groovy:20)
	... 23 more
)

06-08-2024T15:12:55 - [MESSAGE][FAILED] - Actual text 'Info
No Records Found
Ã—' and expected text 'Succesfully Saved' of test object 'Object Repository/Nationality/SuccessMessage' are NOT matched. (Root cause: com.kms.katalon.core.exception.StepFailedException: Actual text 'Info
No Records Found
Ã—' and expected text 'Succesfully Saved' of test object 'Object Repository/Nationality/SuccessMessage' are NOT matched.
	at com.kms.katalon.core.webui.keyword.internal.WebUIKeywordMain.stepFailed(WebUIKeywordMain.groovy:64)
	at com.kms.katalon.core.webui.keyword.builtin.VerifyElementTextKeyword$_verifyElementText_closure1.doCall(VerifyElementTextKeyword.groovy:57)
	at com.kms.katalon.core.webui.keyword.builtin.VerifyElementTextKeyword$_verifyElementText_closure1.call(VerifyElementTextKeyword.groovy)
	at com.kms.katalon.core.webui.keyword.internal.WebUIKeywordMain.runKeyword(WebUIKeywordMain.groovy:20)
	at com.kms.katalon.core.webui.keyword.builtin.VerifyElementTextKeyword.verifyElementText(VerifyElementTextKeyword.groovy:72)
	at com.kms.katalon.core.webui.keyword.builtin.VerifyElementTextKeyword.execute(VerifyElementTextKeyword.groovy:40)
	at com.kms.katalon.core.keyword.internal.KeywordExecutor.executeKeywordForPlatform(KeywordExecutor.groovy:74)
	at com.kms.katalon.core.webui.keyword.WebUiBuiltInKeywords.verifyElementText(WebUiBuiltInKeywords.groovy:4835)
	at VerifyAddingANewNationality.run(VerifyAddingANewNationality:40)
	at com.kms.katalon.core.main.ScriptEngine.run(ScriptEngine.java:194)
	at com.kms.katalon.core.main.ScriptEngine.runScriptAsRawText(ScriptEngine.java:119)
	at com.kms.katalon.core.main.TestCaseExecutor.runScript(TestCaseExecutor.java:448)
	at com.kms.katalon.core.main.TestCaseExecutor.doExecute(TestCaseExecutor.java:439)
	at com.kms.katalon.core.main.TestCaseExecutor.processExecutionPhase(TestCaseExecutor.java:418)
	at com.kms.katalon.core.main.TestCaseExecutor.accessMainPhase(TestCaseExecutor.java:410)
	at com.kms.katalon.core.main.TestCaseExecutor.execute(TestCaseExecutor.java:285)
	at com.kms.katalon.core.main.TestCaseExecutor.execute(TestCaseExecutor.java:369)
	at com.kms.katalon.core.main.TestCaseExecutor.execute(TestCaseExecutor.java:369)
	at com.kms.katalon.core.main.TestCaseExecutor.execute(TestCaseExecutor.java:369)
	at com.kms.katalon.core.common.CommonExecutor.accessTestCaseMainPhase(CommonExecutor.java:65)
	at com.kms.katalon.core.main.TestSuiteExecutor.accessTestSuiteMainPhase(TestSuiteExecutor.java:150)
	at com.kms.katalon.core.main.TestSuiteExecutor.execute(TestSuiteExecutor.java:106)
	at com.kms.katalon.core.main.TestCaseMain.startTestSuite(TestCaseMain.java:180)
	at TempTestSuite1722937127383.run(TempTestSuite1722937127383.groovy:35)
	at java.base/jdk.internal.reflect.NativeMethodAccessorImpl.invoke0(Native Method)
	at java.base/jdk.internal.reflect.NativeMethodAccessorImpl.invoke(NativeMethodAccessorImpl.java:77)
	at java.base/jdk.internal.reflect.DelegatingMethodAccessorImpl.invoke(DelegatingMethodAccessorImpl.java:43)
)
[[ATTACHMENT|D:\\KatalonTraining\\CertificationProject\\OrangeHRMS\\OrangeHRMS\\OrangeHRMS\\Reports\\20240806_150847\\AdminPanelTestSuite\\20240806_150847\\1722937374432.png]]

06-08-2024T15:12:56 - [MESSAGE][FAILED] - Verify element text of test object 'Object Repository/Nationality/SuccessMessage' FAILED. (Root cause: com.kms.katalon.core.exception.StepFailedException: Verify element text of test object 'Object Repository/Nationality/SuccessMessage' FAILED.
	at com.kms.katalon.core.webui.keyword.internal.WebUIKeywordMain.stepFailed(WebUIKeywordMain.groovy:64)
	at com.kms.katalon.core.webui.keyword.internal.WebUIKeywordMain.runKeyword(WebUIKeywordMain.groovy:26)
	at com.kms.katalon.core.webui.keyword.builtin.VerifyElementTextKeyword.verifyElementText(VerifyElementTextKeyword.groovy:72)
	at com.kms.katalon.core.webui.keyword.builtin.VerifyElementTextKeyword.execute(VerifyElementTextKeyword.groovy:40)
	at com.kms.katalon.core.keyword.internal.KeywordExecutor.executeKeywordForPlatform(KeywordExecutor.groovy:74)
	at com.kms.katalon.core.webui.keyword.WebUiBuiltInKeywords.verifyElementText(WebUiBuiltInKeywords.groovy:4835)
	at VerifyAddingANewNationality.run(VerifyAddingANewNationality:40)
	at com.kms.katalon.core.main.ScriptEngine.run(ScriptEngine.java:194)
	at com.kms.katalon.core.main.ScriptEngine.runScriptAsRawText(ScriptEngine.java:119)
	at com.kms.katalon.core.main.TestCaseExecutor.runScript(TestCaseExecutor.java:448)
	at com.kms.katalon.core.main.TestCaseExecutor.doExecute(TestCaseExecutor.java:439)
	at com.kms.katalon.core.main.TestCaseExecutor.processExecutionPhase(TestCaseExecutor.java:418)
	at com.kms.katalon.core.main.TestCaseExecutor.accessMainPhase(TestCaseExecutor.java:410)
	at com.kms.katalon.core.main.TestCaseExecutor.execute(TestCaseExecutor.java:285)
	at com.kms.katalon.core.main.TestCaseExecutor.execute(TestCaseExecutor.java:369)
	at com.kms.katalon.core.main.TestCaseExecutor.execute(TestCaseExecutor.java:369)
	at com.kms.katalon.core.main.TestCaseExecutor.execute(TestCaseExecutor.java:369)
	at com.kms.katalon.core.common.CommonExecutor.accessTestCaseMainPhase(CommonExecutor.java:65)
	at com.kms.katalon.core.main.TestSuiteExecutor.accessTestSuiteMainPhase(TestSuiteExecutor.java:150)
	at com.kms.katalon.core.main.TestSuiteExecutor.execute(TestSuiteExecutor.java:106)
	at com.kms.katalon.core.main.TestCaseMain.startTestSuite(TestCaseMain.java:180)
	at TempTestSuite1722937127383.run(TempTestSuite1722937127383.groovy:35)
	at java.base/jdk.internal.reflect.NativeMethodAccessorImpl.invoke0(Native Method)
	at java.base/jdk.internal.reflect.NativeMethodAccessorImpl.invoke(NativeMethodAccessorImpl.java:77)
	at java.base/jdk.internal.reflect.DelegatingMethodAccessorImpl.invoke(DelegatingMethodAccessorImpl.java:43)
Caused by: com.kms.katalon.core.exception.StepFailedException: Actual text 'Info
No Records Found
Ã—' and expected text 'Succesfully Saved' of test object 'Object Repository/Nationality/SuccessMessage' are NOT matched.
	at com.kms.katalon.core.webui.keyword.internal.WebUIKeywordMain.stepFailed(WebUIKeywordMain.groovy:64)
	at com.kms.katalon.core.webui.keyword.builtin.VerifyElementTextKeyword$_verifyElementText_closure1.doCall(VerifyElementTextKeyword.groovy:57)
	at com.kms.katalon.core.webui.keyword.builtin.VerifyElementTextKeyword$_verifyElementText_closure1.call(VerifyElementTextKeyword.groovy)
	at com.kms.katalon.core.webui.keyword.internal.WebUIKeywordMain.runKeyword(WebUIKeywordMain.groovy:20)
	... 23 more
)
[[ATTACHMENT|D:\\KatalonTraining\\CertificationProject\\OrangeHRMS\\OrangeHRMS\\OrangeHRMS\\Reports\\20240806_150847\\AdminPanelTestSuite\\20240806_150847\\1722937375688.png]]]]></system-out>
         <system-err><![CDATA[06-08-2024T15:11:58 - [TEST_CASE][FAILED] - Test Cases/AdminPanelTests/VerifyAddingANewNationality: Test Cases/AdminPanelTests/VerifyAddingANewNationality FAILED.
Reason:
com.kms.katalon.core.exception.StepFailedException: Verify element text of test object 'Object Repository/Nationality/SuccessMessage' FAILED.
	at com.kms.katalon.core.webui.keyword.internal.WebUIKeywordMain.stepFailed(WebUIKeywordMain.groovy:64)
	at com.kms.katalon.core.webui.keyword.internal.WebUIKeywordMain.runKeyword(WebUIKeywordMain.groovy:26)
	at com.kms.katalon.core.webui.keyword.builtin.VerifyElementTextKeyword.verifyElementText(VerifyElementTextKeyword.groovy:72)
	at com.kms.katalon.core.webui.keyword.builtin.VerifyElementTextKeyword.execute(VerifyElementTextKeyword.groovy:40)
	at com.kms.katalon.core.keyword.internal.KeywordExecutor.executeKeywordForPlatform(KeywordExecutor.groovy:74)
	at com.kms.katalon.core.webui.keyword.WebUiBuiltInKeywords.verifyElementText(WebUiBuiltInKeywords.groovy:4835)
	at VerifyAddingANewNationality.run(VerifyAddingANewNationality:40)
	at com.kms.katalon.core.main.ScriptEngine.run(ScriptEngine.java:194)
	at com.kms.katalon.core.main.ScriptEngine.runScriptAsRawText(ScriptEngine.java:119)
	at com.kms.katalon.core.main.TestCaseExecutor.runScript(TestCaseExecutor.java:448)
	at com.kms.katalon.core.main.TestCaseExecutor.doExecute(TestCaseExecutor.java:439)
	at com.kms.katalon.core.main.TestCaseExecutor.processExecutionPhase(TestCaseExecutor.java:418)
	at com.kms.katalon.core.main.TestCaseExecutor.accessMainPhase(TestCaseExecutor.java:410)
	at com.kms.katalon.core.main.TestCaseExecutor.execute(TestCaseExecutor.java:285)
	at com.kms.katalon.core.main.TestCaseExecutor.execute(TestCaseExecutor.java:369)
	at com.kms.katalon.core.main.TestCaseExecutor.execute(TestCaseExecutor.java:369)
	at com.kms.katalon.core.main.TestCaseExecutor.execute(TestCaseExecutor.java:369)
	at com.kms.katalon.core.common.CommonExecutor.accessTestCaseMainPhase(CommonExecutor.java:65)
	at com.kms.katalon.core.main.TestSuiteExecutor.accessTestSuiteMainPhase(TestSuiteExecutor.java:150)
	at com.kms.katalon.core.main.TestSuiteExecutor.execute(TestSuiteExecutor.java:106)
	at com.kms.katalon.core.main.TestCaseMain.startTestSuite(TestCaseMain.java:180)
	at TempTestSuite1722937127383.run(TempTestSuite1722937127383.groovy:35)
	at java.base/jdk.internal.reflect.NativeMethodAccessorImpl.invoke0(Native Method)
	at java.base/jdk.internal.reflect.NativeMethodAccessorImpl.invoke(NativeMethodAccessorImpl.java:77)
	at java.base/jdk.internal.reflect.DelegatingMethodAccessorImpl.invoke(DelegatingMethodAccessorImpl.java:43)
Caused by: com.kms.katalon.core.exception.StepFailedException: Actual text 'Info
No Records Found
Ã—' and expected text 'Succesfully Saved' of test object 'Object Repository/Nationality/SuccessMessage' are NOT matched.
	at com.kms.katalon.core.webui.keyword.internal.WebUIKeywordMain.stepFailed(WebUIKeywordMain.groovy:64)
	at com.kms.katalon.core.webui.keyword.builtin.VerifyElementTextKeyword$_verifyElementText_closure1.doCall(VerifyElementTextKeyword.groovy:57)
	at com.kms.katalon.core.webui.keyword.builtin.VerifyElementTextKeyword$_verifyElementText_closure1.call(VerifyElementTextKeyword.groovy)
	at com.kms.katalon.core.webui.keyword.internal.WebUIKeywordMain.runKeyword(WebUIKeywordMain.groovy:20)
	... 23 more]]></system-err>
      </testcase>
      <testcase name="Test Cases/AdminPanelTests/VerifyAddingANewUser" time="57.281" classname="Test Cases/AdminPanelTests/VerifyAddingANewUser" status="PASSED">
         <system-out><![CDATA[06-08-2024T15:12:56 - [TEST_CASE][PASSED] - Test Cases/AdminPanelTests/VerifyAddingANewUser: Test Cases/AdminPanelTests/VerifyAddingANewUser

06-08-2024T15:12:56 - [TEST_STEP][PASSED] - openBrowser(""): Browser is opened with url: ''

06-08-2024T15:12:56 - [MESSAGE][WARNING] - A browser is already opened. Closing browser and opening a new one

06-08-2024T15:12:57 - [MESSAGE][INFO] - Starting 'Chrome' driver

06-08-2024T15:12:57 - [MESSAGE][INFO] - Action delay is set to 0 milliseconds

06-08-2024T15:13:00 - [MESSAGE][PASSED] - Browser is opened with url: ''

06-08-2024T15:13:00 - [TEST_STEP][PASSED] - navigateToUrl("https://opensource-demo.orangehrmlive.com/web/index.php/auth/login"): Navigate to 'https://opensource-demo.orangehrmlive.com/web/index.php/auth/login' successfully

06-08-2024T15:13:02 - [MESSAGE][PASSED] - Navigate to 'https://opensource-demo.orangehrmlive.com/web/index.php/auth/login' successfully

06-08-2024T15:13:02 - [TEST_STEP][PASSED] - setText(findTestObject("LoginPage/UserNameField"), "Admin"): Text 'Admin' is set on object 'Object Repository/LoginPage/UserNameField'

06-08-2024T15:13:22 - [MESSAGE][PASSED] - Text 'Admin' is set on object 'Object Repository/LoginPage/UserNameField'

06-08-2024T15:13:22 - [TEST_STEP][PASSED] - setEncryptedText(findTestObject("LoginPage/PasswordField"), "hUKwJTbofgPU9eVlw/CnDQ=="): Text ****** has been set on object 'Object Repository/LoginPage/PasswordField'

06-08-2024T15:13:24 - [MESSAGE][PASSED] - Text ****** has been set on object 'Object Repository/LoginPage/PasswordField'

06-08-2024T15:13:24 - [TEST_STEP][PASSED] - click(findTestObject("LoginPage/LoginButton")): Object: 'Object Repository/LoginPage/LoginButton' is clicked on

06-08-2024T15:13:26 - [MESSAGE][PASSED] - Object: 'Object Repository/LoginPage/LoginButton' is clicked on

06-08-2024T15:13:26 - [TEST_STEP][PASSED] - click(findTestObject("HomePage/Page_OrangeHRM/AdminLink")): Object: 'Object Repository/HomePage/Page_OrangeHRM/AdminLink' is clicked on

06-08-2024T15:13:29 - [MESSAGE][PASSED] - Object: 'Object Repository/HomePage/Page_OrangeHRM/AdminLink' is clicked on

06-08-2024T15:13:29 - [TEST_STEP][PASSED] - click(findTestObject("Object Repository/AdminPage/AddUser/AddUserButton")): Object: 'Object Repository/AdminPage/AddUser/AddUserButton' is clicked on

06-08-2024T15:13:31 - [MESSAGE][PASSED] - Object: 'Object Repository/AdminPage/AddUser/AddUserButton' is clicked on

06-08-2024T15:13:31 - [TEST_STEP][PASSED] - click(findTestObject("Object Repository/AdminPage/AddUser/UserTypeDropDownInAddPage")): Object: 'Object Repository/AdminPage/AddUser/UserTypeDropDownInAddPage' is clicked on

06-08-2024T15:13:33 - [MESSAGE][PASSED] - Object: 'Object Repository/AdminPage/AddUser/UserTypeDropDownInAddPage' is clicked on

06-08-2024T15:13:33 - [TEST_STEP][PASSED] - setText(findTestObject("Object Repository/AdminPage/AddUser/UserHintTextBox"), "a"): Text 'a' is set on object 'Object Repository/AdminPage/AddUser/UserHintTextBox'

06-08-2024T15:13:39 - [MESSAGE][PASSED] - Text 'a' is set on object 'Object Repository/AdminPage/AddUser/UserHintTextBox'

06-08-2024T15:13:39 - [TEST_STEP][PASSED] - click(findTestObject("Object Repository/AdminPage/AddUser/UserHintOption")): Object: 'Object Repository/AdminPage/AddUser/UserHintOption' is clicked on

06-08-2024T15:13:43 - [MESSAGE][PASSED] - Object: 'Object Repository/AdminPage/AddUser/UserHintOption' is clicked on

06-08-2024T15:13:43 - [TEST_STEP][PASSED] - setText(findTestObject("Object Repository/AdminPage/AddUser/input_Username_oxd-input oxd-input--focus"), "Jas12345"): Text 'Jas12345' is set on object 'Object Repository/AdminPage/AddUser/input_Username_oxd-input oxd-input--focus'

06-08-2024T15:13:47 - [MESSAGE][PASSED] - Text 'Jas12345' is set on object 'Object Repository/AdminPage/AddUser/input_Username_oxd-input oxd-input--focus'

06-08-2024T15:13:47 - [TEST_STEP][PASSED] - setEncryptedText(findTestObject("Object Repository/AdminPage/AddUser/input_Password_oxd-input oxd-input--active"), "PJhMHmON9HDHgTfDu48tsA=="): Text ****** has been set on object 'Object Repository/AdminPage/AddUser/input_Password_oxd-input oxd-input--active'

06-08-2024T15:13:49 - [MESSAGE][PASSED] - Text ****** has been set on object 'Object Repository/AdminPage/AddUser/input_Password_oxd-input oxd-input--active'

06-08-2024T15:13:49 - [TEST_STEP][PASSED] - click(findTestObject("Object Repository/AdminPage/AddUser/button_Save")): Object: 'Object Repository/AdminPage/AddUser/button_Save' is clicked on

06-08-2024T15:13:52 - [MESSAGE][PASSED] - Object: 'Object Repository/AdminPage/AddUser/button_Save' is clicked on

06-08-2024T15:13:52 - [TEST_STEP][PASSED] - closeBrowser(): Browser is closed

06-08-2024T15:13:53 - [MESSAGE][PASSED] - Browser is closed]]></system-out>
         <system-err><![CDATA[]]></system-err>
      </testcase>
      <testcase name="Test Cases/AdminPanelTests/VerifyDeletingNationality" time="74.841" classname="Test Cases/AdminPanelTests/VerifyDeletingNationality" status="FAILED">
         <failure type="FAILED" message="Test Cases/AdminPanelTests/VerifyDeletingNationality FAILED.&#xa;Reason:&#xa;com.kms.katalon.core.exception.StepFailedException: Unable to verify object 'Object Repository/Nationality/SuccessMessageOnDeletingNationality' to be clickable&#xa;	at com.kms.katalon.core.webui.keyword.internal.WebUIKeywordMain.stepFailed(WebUIKeywordMain.groovy:64)&#xa;	at com.kms.katalon.core.webui.keyword.internal.WebUIKeywordMain.runKeyword(WebUIKeywordMain.groovy:26)&#xa;	at com.kms.katalon.core.webui.keyword.builtin.VerifyElementClickableKeyword.verifyElementClickable(VerifyElementClickableKeyword.groovy:96)&#xa;	at com.kms.katalon.core.webui.keyword.builtin.VerifyElementClickableKeyword.execute(VerifyElementClickableKeyword.groovy:67)&#xa;	at com.kms.katalon.core.keyword.internal.KeywordExecutor.executeKeywordForPlatform(KeywordExecutor.groovy:74)&#xa;	at com.kms.katalon.core.webui.keyword.WebUiBuiltInKeywords.verifyElementClickable(WebUiBuiltInKeywords.groovy:605)&#xa;	at VerifyDeletingNationality.run(VerifyDeletingNationality:40)&#xa;	at com.kms.katalon.core.main.ScriptEngine.run(ScriptEngine.java:194)&#xa;	at com.kms.katalon.core.main.ScriptEngine.runScriptAsRawText(ScriptEngine.java:119)&#xa;	at com.kms.katalon.core.main.TestCaseExecutor.runScript(TestCaseExecutor.java:448)&#xa;	at com.kms.katalon.core.main.TestCaseExecutor.doExecute(TestCaseExecutor.java:439)&#xa;	at com.kms.katalon.core.main.TestCaseExecutor.processExecutionPhase(TestCaseExecutor.java:418)&#xa;	at com.kms.katalon.core.main.TestCaseExecutor.accessMainPhase(TestCaseExecutor.java:410)&#xa;	at com.kms.katalon.core.main.TestCaseExecutor.execute(TestCaseExecutor.java:285)&#xa;	at com.kms.katalon.core.main.TestCaseExecutor.execute(TestCaseExecutor.java:369)&#xa;	at com.kms.katalon.core.main.TestCaseExecutor.execute(TestCaseExecutor.java:369)&#xa;	at com.kms.katalon.core.main.TestCaseExecutor.execute(TestCaseExecutor.java:369)&#xa;	at com.kms.katalon.core.common.CommonExecutor.accessTestCaseMainPhase(CommonExecutor.java:65)&#xa;	at com.kms.katalon.core.main.TestSuiteExecutor.accessTestSuiteMainPhase(TestSuiteExecutor.java:150)&#xa;	at com.kms.katalon.core.main.TestSuiteExecutor.execute(TestSuiteExecutor.java:106)&#xa;	at com.kms.katalon.core.main.TestCaseMain.startTestSuite(TestCaseMain.java:180)&#xa;	at TempTestSuite1722937127383.run(TempTestSuite1722937127383.groovy:35)&#xa;	at java.base/jdk.internal.reflect.NativeMethodAccessorImpl.invoke0(Native Method)&#xa;	at java.base/jdk.internal.reflect.NativeMethodAccessorImpl.invoke(NativeMethodAccessorImpl.java:77)&#xa;	at java.base/jdk.internal.reflect.DelegatingMethodAccessorImpl.invoke(DelegatingMethodAccessorImpl.java:43)&#xa;Caused by: com.kms.katalon.core.exception.StepFailedException: Web element with id: 'Object Repository/Nationality/SuccessMessageOnDeletingNationality' located by '//div[@id='oxd-toaster_1']/div/div/div[2]/p' not found&#xa;	at com.kms.katalon.core.webui.keyword.internal.WebUIKeywordMain.stepFailed(WebUIKeywordMain.groovy:64)&#xa;	at com.kms.katalon.core.webui.keyword.builtin.VerifyElementClickableKeyword$_verifyElementClickable_closure1.doCall(VerifyElementClickableKeyword.groovy:88)&#xa;	at com.kms.katalon.core.webui.keyword.builtin.VerifyElementClickableKeyword$_verifyElementClickable_closure1.call(VerifyElementClickableKeyword.groovy)&#xa;	at com.kms.katalon.core.webui.keyword.internal.WebUIKeywordMain.runKeyword(WebUIKeywordMain.groovy:20)&#xa;	... 23 more&#xa;"/>
         <system-out><![CDATA[06-08-2024T15:17:40 - [TEST_CASE][FAILED] - Test Cases/AdminPanelTests/VerifyDeletingNationality: Test Cases/AdminPanelTests/VerifyDeletingNationality FAILED.
Reason:
com.kms.katalon.core.exception.StepFailedException: Unable to verify object 'Object Repository/Nationality/SuccessMessageOnDeletingNationality' to be clickable
	at com.kms.katalon.core.webui.keyword.internal.WebUIKeywordMain.stepFailed(WebUIKeywordMain.groovy:64)
	at com.kms.katalon.core.webui.keyword.internal.WebUIKeywordMain.runKeyword(WebUIKeywordMain.groovy:26)
	at com.kms.katalon.core.webui.keyword.builtin.VerifyElementClickableKeyword.verifyElementClickable(VerifyElementClickableKeyword.groovy:96)
	at com.kms.katalon.core.webui.keyword.builtin.VerifyElementClickableKeyword.execute(VerifyElementClickableKeyword.groovy:67)
	at com.kms.katalon.core.keyword.internal.KeywordExecutor.executeKeywordForPlatform(KeywordExecutor.groovy:74)
	at com.kms.katalon.core.webui.keyword.WebUiBuiltInKeywords.verifyElementClickable(WebUiBuiltInKeywords.groovy:605)
	at VerifyDeletingNationality.run(VerifyDeletingNationality:40)
	at com.kms.katalon.core.main.ScriptEngine.run(ScriptEngine.java:194)
	at com.kms.katalon.core.main.ScriptEngine.runScriptAsRawText(ScriptEngine.java:119)
	at com.kms.katalon.core.main.TestCaseExecutor.runScript(TestCaseExecutor.java:448)
	at com.kms.katalon.core.main.TestCaseExecutor.doExecute(TestCaseExecutor.java:439)
	at com.kms.katalon.core.main.TestCaseExecutor.processExecutionPhase(TestCaseExecutor.java:418)
	at com.kms.katalon.core.main.TestCaseExecutor.accessMainPhase(TestCaseExecutor.java:410)
	at com.kms.katalon.core.main.TestCaseExecutor.execute(TestCaseExecutor.java:285)
	at com.kms.katalon.core.main.TestCaseExecutor.execute(TestCaseExecutor.java:369)
	at com.kms.katalon.core.main.TestCaseExecutor.execute(TestCaseExecutor.java:369)
	at com.kms.katalon.core.main.TestCaseExecutor.execute(TestCaseExecutor.java:369)
	at com.kms.katalon.core.common.CommonExecutor.accessTestCaseMainPhase(CommonExecutor.java:65)
	at com.kms.katalon.core.main.TestSuiteExecutor.accessTestSuiteMainPhase(TestSuiteExecutor.java:150)
	at com.kms.katalon.core.main.TestSuiteExecutor.execute(TestSuiteExecutor.java:106)
	at com.kms.katalon.core.main.TestCaseMain.startTestSuite(TestCaseMain.java:180)
	at TempTestSuite1722937127383.run(TempTestSuite1722937127383.groovy:35)
	at java.base/jdk.internal.reflect.NativeMethodAccessorImpl.invoke0(Native Method)
	at java.base/jdk.internal.reflect.NativeMethodAccessorImpl.invoke(NativeMethodAccessorImpl.java:77)
	at java.base/jdk.internal.reflect.DelegatingMethodAccessorImpl.invoke(DelegatingMethodAccessorImpl.java:43)
Caused by: com.kms.katalon.core.exception.StepFailedException: Web element with id: 'Object Repository/Nationality/SuccessMessageOnDeletingNationality' located by '//div[@id='oxd-toaster_1']/div/div/div[2]/p' not found
	at com.kms.katalon.core.webui.keyword.internal.WebUIKeywordMain.stepFailed(WebUIKeywordMain.groovy:64)
	at com.kms.katalon.core.webui.keyword.builtin.VerifyElementClickableKeyword$_verifyElementClickable_closure1.doCall(VerifyElementClickableKeyword.groovy:88)
	at com.kms.katalon.core.webui.keyword.builtin.VerifyElementClickableKeyword$_verifyElementClickable_closure1.call(VerifyElementClickableKeyword.groovy)
	at com.kms.katalon.core.webui.keyword.internal.WebUIKeywordMain.runKeyword(WebUIKeywordMain.groovy:20)
	... 23 more


06-08-2024T15:17:40 - [TEST_STEP][PASSED] - openBrowser(""): Browser is opened with url: ''

06-08-2024T15:17:40 - [MESSAGE][WARNING] - A browser is already opened. Closing browser and opening a new one

06-08-2024T15:17:41 - [MESSAGE][INFO] - Starting 'Chrome' driver

06-08-2024T15:17:41 - [MESSAGE][INFO] - Action delay is set to 0 milliseconds

06-08-2024T15:17:43 - [MESSAGE][PASSED] - Browser is opened with url: ''

06-08-2024T15:17:43 - [TEST_STEP][PASSED] - navigateToUrl("https://opensource-demo.orangehrmlive.com/web/index.php/auth/login"): Navigate to 'https://opensource-demo.orangehrmlive.com/web/index.php/auth/login' successfully

06-08-2024T15:18:01 - [MESSAGE][PASSED] - Navigate to 'https://opensource-demo.orangehrmlive.com/web/index.php/auth/login' successfully

06-08-2024T15:18:01 - [TEST_STEP][PASSED] - maximizeWindow(): Current window maximized

06-08-2024T15:18:02 - [MESSAGE][PASSED] - Current window maximized

06-08-2024T15:18:02 - [TEST_STEP][PASSED] - setText(findTestObject("LoginPage/UserNameField"), "Admin"): Text 'Admin' is set on object 'Object Repository/LoginPage/UserNameField'

06-08-2024T15:18:04 - [MESSAGE][PASSED] - Text 'Admin' is set on object 'Object Repository/LoginPage/UserNameField'

06-08-2024T15:18:04 - [TEST_STEP][PASSED] - setEncryptedText(findTestObject("LoginPage/PasswordField"), "hUKwJTbofgPU9eVlw/CnDQ=="): Text ****** has been set on object 'Object Repository/LoginPage/PasswordField'

06-08-2024T15:18:06 - [MESSAGE][PASSED] - Text ****** has been set on object 'Object Repository/LoginPage/PasswordField'

06-08-2024T15:18:06 - [TEST_STEP][PASSED] - click(findTestObject("LoginPage/LoginButton")): Object: 'Object Repository/LoginPage/LoginButton' is clicked on

06-08-2024T15:18:08 - [MESSAGE][PASSED] - Object: 'Object Repository/LoginPage/LoginButton' is clicked on

06-08-2024T15:18:08 - [TEST_STEP][PASSED] - click(findTestObject("HomePage/Page_OrangeHRM/AdminLink")): Object: 'Object Repository/HomePage/Page_OrangeHRM/AdminLink' is clicked on

06-08-2024T15:18:11 - [MESSAGE][PASSED] - Object: 'Object Repository/HomePage/Page_OrangeHRM/AdminLink' is clicked on

06-08-2024T15:18:11 - [TEST_STEP][PASSED] - click(findTestObject("Object Repository/Nationality/NationalitiesLink")): Object: 'Object Repository/Nationality/NationalitiesLink' is clicked on

06-08-2024T15:18:13 - [MESSAGE][PASSED] - Object: 'Object Repository/Nationality/NationalitiesLink' is clicked on

06-08-2024T15:18:13 - [TEST_STEP][PASSED] - click(findTestObject("Object Repository/Nationality/NationalityItem")): Object: 'Object Repository/Nationality/NationalityItem' is clicked on

06-08-2024T15:18:14 - [MESSAGE][PASSED] - Object: 'Object Repository/Nationality/NationalityItem' is clicked on

06-08-2024T15:18:14 - [TEST_STEP][PASSED] - click(findTestObject("Object Repository/Nationality/button_Yes, Delete")): Object: 'Object Repository/Nationality/button_Yes, Delete' is clicked on

06-08-2024T15:18:15 - [MESSAGE][PASSED] - Object: 'Object Repository/Nationality/button_Yes, Delete' is clicked on

06-08-2024T15:18:15 - [TEST_STEP][FAILED] - verifyElementClickable(findTestObject("Object Repository/Nationality/SuccessMessageOnDeletingNationality")): Unable to verify object 'Object Repository/Nationality/SuccessMessageOnDeletingNationality' to be clickable (Root cause: com.kms.katalon.core.exception.StepFailedException: Unable to verify object 'Object Repository/Nationality/SuccessMessageOnDeletingNationality' to be clickable
	at com.kms.katalon.core.webui.keyword.internal.WebUIKeywordMain.stepFailed(WebUIKeywordMain.groovy:64)
	at com.kms.katalon.core.webui.keyword.internal.WebUIKeywordMain.runKeyword(WebUIKeywordMain.groovy:26)
	at com.kms.katalon.core.webui.keyword.builtin.VerifyElementClickableKeyword.verifyElementClickable(VerifyElementClickableKeyword.groovy:96)
	at com.kms.katalon.core.webui.keyword.builtin.VerifyElementClickableKeyword.execute(VerifyElementClickableKeyword.groovy:67)
	at com.kms.katalon.core.keyword.internal.KeywordExecutor.executeKeywordForPlatform(KeywordExecutor.groovy:74)
	at com.kms.katalon.core.webui.keyword.WebUiBuiltInKeywords.verifyElementClickable(WebUiBuiltInKeywords.groovy:605)
	at VerifyDeletingNationality.run(VerifyDeletingNationality:40)
	at com.kms.katalon.core.main.ScriptEngine.run(ScriptEngine.java:194)
	at com.kms.katalon.core.main.ScriptEngine.runScriptAsRawText(ScriptEngine.java:119)
	at com.kms.katalon.core.main.TestCaseExecutor.runScript(TestCaseExecutor.java:448)
	at com.kms.katalon.core.main.TestCaseExecutor.doExecute(TestCaseExecutor.java:439)
	at com.kms.katalon.core.main.TestCaseExecutor.processExecutionPhase(TestCaseExecutor.java:418)
	at com.kms.katalon.core.main.TestCaseExecutor.accessMainPhase(TestCaseExecutor.java:410)
	at com.kms.katalon.core.main.TestCaseExecutor.execute(TestCaseExecutor.java:285)
	at com.kms.katalon.core.main.TestCaseExecutor.execute(TestCaseExecutor.java:369)
	at com.kms.katalon.core.main.TestCaseExecutor.execute(TestCaseExecutor.java:369)
	at com.kms.katalon.core.main.TestCaseExecutor.execute(TestCaseExecutor.java:369)
	at com.kms.katalon.core.common.CommonExecutor.accessTestCaseMainPhase(CommonExecutor.java:65)
	at com.kms.katalon.core.main.TestSuiteExecutor.accessTestSuiteMainPhase(TestSuiteExecutor.java:150)
	at com.kms.katalon.core.main.TestSuiteExecutor.execute(TestSuiteExecutor.java:106)
	at com.kms.katalon.core.main.TestCaseMain.startTestSuite(TestCaseMain.java:180)
	at TempTestSuite1722937127383.run(TempTestSuite1722937127383.groovy:35)
	at java.base/jdk.internal.reflect.NativeMethodAccessorImpl.invoke0(Native Method)
	at java.base/jdk.internal.reflect.NativeMethodAccessorImpl.invoke(NativeMethodAccessorImpl.java:77)
	at java.base/jdk.internal.reflect.DelegatingMethodAccessorImpl.invoke(DelegatingMethodAccessorImpl.java:43)
Caused by: com.kms.katalon.core.exception.StepFailedException: Web element with id: 'Object Repository/Nationality/SuccessMessageOnDeletingNationality' located by '//div[@id='oxd-toaster_1']/div/div/div[2]/p' not found
	at com.kms.katalon.core.webui.keyword.internal.WebUIKeywordMain.stepFailed(WebUIKeywordMain.groovy:64)
	at com.kms.katalon.core.webui.keyword.builtin.VerifyElementClickableKeyword$_verifyElementClickable_closure1.doCall(VerifyElementClickableKeyword.groovy:88)
	at com.kms.katalon.core.webui.keyword.builtin.VerifyElementClickableKeyword$_verifyElementClickable_closure1.call(VerifyElementClickableKeyword.groovy)
	at com.kms.katalon.core.webui.keyword.internal.WebUIKeywordMain.runKeyword(WebUIKeywordMain.groovy:20)
	... 23 more
)

06-08-2024T15:18:47 - [MESSAGE][INFO] - Unable to find the element located by 'By.xpath: //div[@id='oxd-toaster_1']/div/div/div[2]/p'. Please recheck the objects properties to make sure the desired element is located. 

06-08-2024T15:18:47 - [MESSAGE][WARNING] - [SELF-HEALING] Failed to find element with id 'Object Repository/Nationality/SuccessMessageOnDeletingNationality'. Try using Self-healing.

06-08-2024T15:18:47 - [MESSAGE][INFO] - [SELF-HEALING] Failed Locator: '//div[@id='oxd-toaster_1']/div/div/div[2]/p'.

06-08-2024T15:18:48 - [MESSAGE][INFO] - [SELF-HEALING] Failed Locator: '(.//*[normalize-space(text()) and normalize-space(.)='OrangeHRM, Inc'])[1]/following::p[1]'.

06-08-2024T15:18:48 - [MESSAGE][INFO] - [SELF-HEALING] Failed Locator: '(.//*[normalize-space(text()) and normalize-space(.)='Djibouti'])[1]/following::p[3]'.

06-08-2024T15:18:49 - [MESSAGE][INFO] - [SELF-HEALING] Failed Locator: '(.//*[normalize-space(text()) and normalize-space(.)='Ã—'])[1]/preceding::p[2]'.

06-08-2024T15:18:49 - [MESSAGE][INFO] - [SELF-HEALING] Failed Locator: '//*/text()[normalize-space(.)='Success']/parent::*'.

06-08-2024T15:18:50 - [MESSAGE][INFO] - [SELF-HEALING] Failed Locator: '//div[2]/p'.

06-08-2024T15:18:50 - [MESSAGE][INFO] - [SELF-HEALING] Failed Locator: '//p[(text() = 'Success' or . = 'Success')]'.

06-08-2024T15:18:52 - [MESSAGE][INFO] - Unable to find the element located by 'By.xpath: //*[(text() = 'Success' or . = 'Success')]'. Please recheck the objects properties to make sure the desired element is located. 

06-08-2024T15:18:54 - [MESSAGE][INFO] - Unable to find the element located by 'By.cssSelector: p.oxd-text.oxd-text--p.oxd-text--toast-title.oxd-toast-content-text'. Please recheck the objects properties to make sure the desired element is located. 

06-08-2024T15:18:54 - [MESSAGE][FAILED] - Web element with id: 'Object Repository/Nationality/SuccessMessageOnDeletingNationality' located by '//div[@id='oxd-toaster_1']/div/div/div[2]/p' not found (Root cause: com.kms.katalon.core.exception.StepFailedException: Web element with id: 'Object Repository/Nationality/SuccessMessageOnDeletingNationality' located by '//div[@id='oxd-toaster_1']/div/div/div[2]/p' not found
	at com.kms.katalon.core.webui.keyword.internal.WebUIKeywordMain.stepFailed(WebUIKeywordMain.groovy:64)
	at com.kms.katalon.core.webui.keyword.builtin.VerifyElementClickableKeyword$_verifyElementClickable_closure1.doCall(VerifyElementClickableKeyword.groovy:88)
	at com.kms.katalon.core.webui.keyword.builtin.VerifyElementClickableKeyword$_verifyElementClickable_closure1.call(VerifyElementClickableKeyword.groovy)
	at com.kms.katalon.core.webui.keyword.internal.WebUIKeywordMain.runKeyword(WebUIKeywordMain.groovy:20)
	at com.kms.katalon.core.webui.keyword.builtin.VerifyElementClickableKeyword.verifyElementClickable(VerifyElementClickableKeyword.groovy:96)
	at com.kms.katalon.core.webui.keyword.builtin.VerifyElementClickableKeyword.execute(VerifyElementClickableKeyword.groovy:67)
	at com.kms.katalon.core.keyword.internal.KeywordExecutor.executeKeywordForPlatform(KeywordExecutor.groovy:74)
	at com.kms.katalon.core.webui.keyword.WebUiBuiltInKeywords.verifyElementClickable(WebUiBuiltInKeywords.groovy:605)
	at VerifyDeletingNationality.run(VerifyDeletingNationality:40)
	at com.kms.katalon.core.main.ScriptEngine.run(ScriptEngine.java:194)
	at com.kms.katalon.core.main.ScriptEngine.runScriptAsRawText(ScriptEngine.java:119)
	at com.kms.katalon.core.main.TestCaseExecutor.runScript(TestCaseExecutor.java:448)
	at com.kms.katalon.core.main.TestCaseExecutor.doExecute(TestCaseExecutor.java:439)
	at com.kms.katalon.core.main.TestCaseExecutor.processExecutionPhase(TestCaseExecutor.java:418)
	at com.kms.katalon.core.main.TestCaseExecutor.accessMainPhase(TestCaseExecutor.java:410)
	at com.kms.katalon.core.main.TestCaseExecutor.execute(TestCaseExecutor.java:285)
	at com.kms.katalon.core.main.TestCaseExecutor.execute(TestCaseExecutor.java:369)
	at com.kms.katalon.core.main.TestCaseExecutor.execute(TestCaseExecutor.java:369)
	at com.kms.katalon.core.main.TestCaseExecutor.execute(TestCaseExecutor.java:369)
	at com.kms.katalon.core.common.CommonExecutor.accessTestCaseMainPhase(CommonExecutor.java:65)
	at com.kms.katalon.core.main.TestSuiteExecutor.accessTestSuiteMainPhase(TestSuiteExecutor.java:150)
	at com.kms.katalon.core.main.TestSuiteExecutor.execute(TestSuiteExecutor.java:106)
	at com.kms.katalon.core.main.TestCaseMain.startTestSuite(TestCaseMain.java:180)
	at TempTestSuite1722937127383.run(TempTestSuite1722937127383.groovy:35)
	at java.base/jdk.internal.reflect.NativeMethodAccessorImpl.invoke0(Native Method)
	at java.base/jdk.internal.reflect.NativeMethodAccessorImpl.invoke(NativeMethodAccessorImpl.java:77)
	at java.base/jdk.internal.reflect.DelegatingMethodAccessorImpl.invoke(DelegatingMethodAccessorImpl.java:43)
)
[[ATTACHMENT|D:\\KatalonTraining\\CertificationProject\\OrangeHRMS\\OrangeHRMS\\OrangeHRMS\\Reports\\20240806_150847\\AdminPanelTestSuite\\20240806_150847\\1722937734138.png]]

06-08-2024T15:18:55 - [MESSAGE][FAILED] - Unable to verify object 'Object Repository/Nationality/SuccessMessageOnDeletingNationality' to be clickable (Root cause: com.kms.katalon.core.exception.StepFailedException: Unable to verify object 'Object Repository/Nationality/SuccessMessageOnDeletingNationality' to be clickable
	at com.kms.katalon.core.webui.keyword.internal.WebUIKeywordMain.stepFailed(WebUIKeywordMain.groovy:64)
	at com.kms.katalon.core.webui.keyword.internal.WebUIKeywordMain.runKeyword(WebUIKeywordMain.groovy:26)
	at com.kms.katalon.core.webui.keyword.builtin.VerifyElementClickableKeyword.verifyElementClickable(VerifyElementClickableKeyword.groovy:96)
	at com.kms.katalon.core.webui.keyword.builtin.VerifyElementClickableKeyword.execute(VerifyElementClickableKeyword.groovy:67)
	at com.kms.katalon.core.keyword.internal.KeywordExecutor.executeKeywordForPlatform(KeywordExecutor.groovy:74)
	at com.kms.katalon.core.webui.keyword.WebUiBuiltInKeywords.verifyElementClickable(WebUiBuiltInKeywords.groovy:605)
	at VerifyDeletingNationality.run(VerifyDeletingNationality:40)
	at com.kms.katalon.core.main.ScriptEngine.run(ScriptEngine.java:194)
	at com.kms.katalon.core.main.ScriptEngine.runScriptAsRawText(ScriptEngine.java:119)
	at com.kms.katalon.core.main.TestCaseExecutor.runScript(TestCaseExecutor.java:448)
	at com.kms.katalon.core.main.TestCaseExecutor.doExecute(TestCaseExecutor.java:439)
	at com.kms.katalon.core.main.TestCaseExecutor.processExecutionPhase(TestCaseExecutor.java:418)
	at com.kms.katalon.core.main.TestCaseExecutor.accessMainPhase(TestCaseExecutor.java:410)
	at com.kms.katalon.core.main.TestCaseExecutor.execute(TestCaseExecutor.java:285)
	at com.kms.katalon.core.main.TestCaseExecutor.execute(TestCaseExecutor.java:369)
	at com.kms.katalon.core.main.TestCaseExecutor.execute(TestCaseExecutor.java:369)
	at com.kms.katalon.core.main.TestCaseExecutor.execute(TestCaseExecutor.java:369)
	at com.kms.katalon.core.common.CommonExecutor.accessTestCaseMainPhase(CommonExecutor.java:65)
	at com.kms.katalon.core.main.TestSuiteExecutor.accessTestSuiteMainPhase(TestSuiteExecutor.java:150)
	at com.kms.katalon.core.main.TestSuiteExecutor.execute(TestSuiteExecutor.java:106)
	at com.kms.katalon.core.main.TestCaseMain.startTestSuite(TestCaseMain.java:180)
	at TempTestSuite1722937127383.run(TempTestSuite1722937127383.groovy:35)
	at java.base/jdk.internal.reflect.NativeMethodAccessorImpl.invoke0(Native Method)
	at java.base/jdk.internal.reflect.NativeMethodAccessorImpl.invoke(NativeMethodAccessorImpl.java:77)
	at java.base/jdk.internal.reflect.DelegatingMethodAccessorImpl.invoke(DelegatingMethodAccessorImpl.java:43)
Caused by: com.kms.katalon.core.exception.StepFailedException: Web element with id: 'Object Repository/Nationality/SuccessMessageOnDeletingNationality' located by '//div[@id='oxd-toaster_1']/div/div/div[2]/p' not found
	at com.kms.katalon.core.webui.keyword.internal.WebUIKeywordMain.stepFailed(WebUIKeywordMain.groovy:64)
	at com.kms.katalon.core.webui.keyword.builtin.VerifyElementClickableKeyword$_verifyElementClickable_closure1.doCall(VerifyElementClickableKeyword.groovy:88)
	at com.kms.katalon.core.webui.keyword.builtin.VerifyElementClickableKeyword$_verifyElementClickable_closure1.call(VerifyElementClickableKeyword.groovy)
	at com.kms.katalon.core.webui.keyword.internal.WebUIKeywordMain.runKeyword(WebUIKeywordMain.groovy:20)
	... 23 more
)
[[ATTACHMENT|D:\\KatalonTraining\\CertificationProject\\OrangeHRMS\\OrangeHRMS\\OrangeHRMS\\Reports\\20240806_150847\\AdminPanelTestSuite\\20240806_150847\\1722937734669.png]]]]></system-out>
         <system-err><![CDATA[06-08-2024T15:17:40 - [TEST_CASE][FAILED] - Test Cases/AdminPanelTests/VerifyDeletingNationality: Test Cases/AdminPanelTests/VerifyDeletingNationality FAILED.
Reason:
com.kms.katalon.core.exception.StepFailedException: Unable to verify object 'Object Repository/Nationality/SuccessMessageOnDeletingNationality' to be clickable
	at com.kms.katalon.core.webui.keyword.internal.WebUIKeywordMain.stepFailed(WebUIKeywordMain.groovy:64)
	at com.kms.katalon.core.webui.keyword.internal.WebUIKeywordMain.runKeyword(WebUIKeywordMain.groovy:26)
	at com.kms.katalon.core.webui.keyword.builtin.VerifyElementClickableKeyword.verifyElementClickable(VerifyElementClickableKeyword.groovy:96)
	at com.kms.katalon.core.webui.keyword.builtin.VerifyElementClickableKeyword.execute(VerifyElementClickableKeyword.groovy:67)
	at com.kms.katalon.core.keyword.internal.KeywordExecutor.executeKeywordForPlatform(KeywordExecutor.groovy:74)
	at com.kms.katalon.core.webui.keyword.WebUiBuiltInKeywords.verifyElementClickable(WebUiBuiltInKeywords.groovy:605)
	at VerifyDeletingNationality.run(VerifyDeletingNationality:40)
	at com.kms.katalon.core.main.ScriptEngine.run(ScriptEngine.java:194)
	at com.kms.katalon.core.main.ScriptEngine.runScriptAsRawText(ScriptEngine.java:119)
	at com.kms.katalon.core.main.TestCaseExecutor.runScript(TestCaseExecutor.java:448)
	at com.kms.katalon.core.main.TestCaseExecutor.doExecute(TestCaseExecutor.java:439)
	at com.kms.katalon.core.main.TestCaseExecutor.processExecutionPhase(TestCaseExecutor.java:418)
	at com.kms.katalon.core.main.TestCaseExecutor.accessMainPhase(TestCaseExecutor.java:410)
	at com.kms.katalon.core.main.TestCaseExecutor.execute(TestCaseExecutor.java:285)
	at com.kms.katalon.core.main.TestCaseExecutor.execute(TestCaseExecutor.java:369)
	at com.kms.katalon.core.main.TestCaseExecutor.execute(TestCaseExecutor.java:369)
	at com.kms.katalon.core.main.TestCaseExecutor.execute(TestCaseExecutor.java:369)
	at com.kms.katalon.core.common.CommonExecutor.accessTestCaseMainPhase(CommonExecutor.java:65)
	at com.kms.katalon.core.main.TestSuiteExecutor.accessTestSuiteMainPhase(TestSuiteExecutor.java:150)
	at com.kms.katalon.core.main.TestSuiteExecutor.execute(TestSuiteExecutor.java:106)
	at com.kms.katalon.core.main.TestCaseMain.startTestSuite(TestCaseMain.java:180)
	at TempTestSuite1722937127383.run(TempTestSuite1722937127383.groovy:35)
	at java.base/jdk.internal.reflect.NativeMethodAccessorImpl.invoke0(Native Method)
	at java.base/jdk.internal.reflect.NativeMethodAccessorImpl.invoke(NativeMethodAccessorImpl.java:77)
	at java.base/jdk.internal.reflect.DelegatingMethodAccessorImpl.invoke(DelegatingMethodAccessorImpl.java:43)
Caused by: com.kms.katalon.core.exception.StepFailedException: Web element with id: 'Object Repository/Nationality/SuccessMessageOnDeletingNationality' located by '//div[@id='oxd-toaster_1']/div/div/div[2]/p' not found
	at com.kms.katalon.core.webui.keyword.internal.WebUIKeywordMain.stepFailed(WebUIKeywordMain.groovy:64)
	at com.kms.katalon.core.webui.keyword.builtin.VerifyElementClickableKeyword$_verifyElementClickable_closure1.doCall(VerifyElementClickableKeyword.groovy:88)
	at com.kms.katalon.core.webui.keyword.builtin.VerifyElementClickableKeyword$_verifyElementClickable_closure1.call(VerifyElementClickableKeyword.groovy)
	at com.kms.katalon.core.webui.keyword.internal.WebUIKeywordMain.runKeyword(WebUIKeywordMain.groovy:20)
	... 23 more]]></system-err>
      </testcase>
      <testcase name="Test Cases/AdminPanelTests/VerifyEditingNationality" time="29.17" classname="Test Cases/AdminPanelTests/VerifyEditingNationality" status="FAILED">
         <failure type="FAILED" message="Test Cases/AdminPanelTests/VerifyEditingNationality FAILED.&#xa;Reason:&#xa;com.kms.katalon.core.exception.StepFailedException: Unable to set text&#xa;	at com.kms.katalon.core.webui.keyword.internal.WebUIKeywordMain.stepFailed(WebUIKeywordMain.groovy:64)&#xa;	at com.kms.katalon.core.webui.keyword.internal.WebUIKeywordMain.runKeyword(WebUIKeywordMain.groovy:26)&#xa;	at com.kms.katalon.core.webui.keyword.builtin.SetTextKeyword.setText(SetTextKeyword.groovy:85)&#xa;	at com.kms.katalon.core.webui.keyword.builtin.SetTextKeyword.execute(SetTextKeyword.groovy:39)&#xa;	at com.kms.katalon.core.keyword.internal.KeywordExecutor.executeKeywordForPlatform(KeywordExecutor.groovy:74)&#xa;	at com.kms.katalon.core.webui.keyword.WebUiBuiltInKeywords.setText(WebUiBuiltInKeywords.groovy:1019)&#xa;	at VerifyEditingNationality.run(VerifyEditingNationality:34)&#xa;	at com.kms.katalon.core.main.ScriptEngine.run(ScriptEngine.java:194)&#xa;	at com.kms.katalon.core.main.ScriptEngine.runScriptAsRawText(ScriptEngine.java:119)&#xa;	at com.kms.katalon.core.main.TestCaseExecutor.runScript(TestCaseExecutor.java:448)&#xa;	at com.kms.katalon.core.main.TestCaseExecutor.doExecute(TestCaseExecutor.java:439)&#xa;	at com.kms.katalon.core.main.TestCaseExecutor.processExecutionPhase(TestCaseExecutor.java:418)&#xa;	at com.kms.katalon.core.main.TestCaseExecutor.accessMainPhase(TestCaseExecutor.java:410)&#xa;	at com.kms.katalon.core.main.TestCaseExecutor.execute(TestCaseExecutor.java:285)&#xa;	at com.kms.katalon.core.main.TestCaseExecutor.execute(TestCaseExecutor.java:369)&#xa;	at com.kms.katalon.core.main.TestCaseExecutor.execute(TestCaseExecutor.java:369)&#xa;	at com.kms.katalon.core.main.TestCaseExecutor.execute(TestCaseExecutor.java:369)&#xa;	at com.kms.katalon.core.common.CommonExecutor.accessTestCaseMainPhase(CommonExecutor.java:65)&#xa;	at com.kms.katalon.core.main.TestSuiteExecutor.accessTestSuiteMainPhase(TestSuiteExecutor.java:150)&#xa;	at com.kms.katalon.core.main.TestSuiteExecutor.execute(TestSuiteExecutor.java:106)&#xa;	at com.kms.katalon.core.main.TestCaseMain.startTestSuite(TestCaseMain.java:180)&#xa;	at TempTestSuite1722937127383.run(TempTestSuite1722937127383.groovy:35)&#xa;	at java.base/jdk.internal.reflect.NativeMethodAccessorImpl.invoke0(Native Method)&#xa;	at java.base/jdk.internal.reflect.NativeMethodAccessorImpl.invoke(NativeMethodAccessorImpl.java:77)&#xa;	at java.base/jdk.internal.reflect.DelegatingMethodAccessorImpl.invoke(DelegatingMethodAccessorImpl.java:43)&#xa;Caused by: java.lang.IllegalArgumentException: Object is null&#xa;	at com.kms.katalon.core.helper.KeywordHelper.checkTestObjectParameter(KeywordHelper.java:33)&#xa;	at com.kms.katalon.core.webui.keyword.builtin.SetTextKeyword$_setText_closure1.doCall(SetTextKeyword.groovy:47)&#xa;	at com.kms.katalon.core.webui.keyword.builtin.SetTextKeyword$_setText_closure1.call(SetTextKeyword.groovy)&#xa;	at com.kms.katalon.core.webui.keyword.internal.WebUIKeywordMain.runKeyword(WebUIKeywordMain.groovy:20)&#xa;	... 23 more&#xa;"/>
         <system-out><![CDATA[06-08-2024T15:20:31 - [TEST_CASE][FAILED] - Test Cases/AdminPanelTests/VerifyEditingNationality: Test Cases/AdminPanelTests/VerifyEditingNationality FAILED.
Reason:
com.kms.katalon.core.exception.StepFailedException: Unable to set text
	at com.kms.katalon.core.webui.keyword.internal.WebUIKeywordMain.stepFailed(WebUIKeywordMain.groovy:64)
	at com.kms.katalon.core.webui.keyword.internal.WebUIKeywordMain.runKeyword(WebUIKeywordMain.groovy:26)
	at com.kms.katalon.core.webui.keyword.builtin.SetTextKeyword.setText(SetTextKeyword.groovy:85)
	at com.kms.katalon.core.webui.keyword.builtin.SetTextKeyword.execute(SetTextKeyword.groovy:39)
	at com.kms.katalon.core.keyword.internal.KeywordExecutor.executeKeywordForPlatform(KeywordExecutor.groovy:74)
	at com.kms.katalon.core.webui.keyword.WebUiBuiltInKeywords.setText(WebUiBuiltInKeywords.groovy:1019)
	at VerifyEditingNationality.run(VerifyEditingNationality:34)
	at com.kms.katalon.core.main.ScriptEngine.run(ScriptEngine.java:194)
	at com.kms.katalon.core.main.ScriptEngine.runScriptAsRawText(ScriptEngine.java:119)
	at com.kms.katalon.core.main.TestCaseExecutor.runScript(TestCaseExecutor.java:448)
	at com.kms.katalon.core.main.TestCaseExecutor.doExecute(TestCaseExecutor.java:439)
	at com.kms.katalon.core.main.TestCaseExecutor.processExecutionPhase(TestCaseExecutor.java:418)
	at com.kms.katalon.core.main.TestCaseExecutor.accessMainPhase(TestCaseExecutor.java:410)
	at com.kms.katalon.core.main.TestCaseExecutor.execute(TestCaseExecutor.java:285)
	at com.kms.katalon.core.main.TestCaseExecutor.execute(TestCaseExecutor.java:369)
	at com.kms.katalon.core.main.TestCaseExecutor.execute(TestCaseExecutor.java:369)
	at com.kms.katalon.core.main.TestCaseExecutor.execute(TestCaseExecutor.java:369)
	at com.kms.katalon.core.common.CommonExecutor.accessTestCaseMainPhase(CommonExecutor.java:65)
	at com.kms.katalon.core.main.TestSuiteExecutor.accessTestSuiteMainPhase(TestSuiteExecutor.java:150)
	at com.kms.katalon.core.main.TestSuiteExecutor.execute(TestSuiteExecutor.java:106)
	at com.kms.katalon.core.main.TestCaseMain.startTestSuite(TestCaseMain.java:180)
	at TempTestSuite1722937127383.run(TempTestSuite1722937127383.groovy:35)
	at java.base/jdk.internal.reflect.NativeMethodAccessorImpl.invoke0(Native Method)
	at java.base/jdk.internal.reflect.NativeMethodAccessorImpl.invoke(NativeMethodAccessorImpl.java:77)
	at java.base/jdk.internal.reflect.DelegatingMethodAccessorImpl.invoke(DelegatingMethodAccessorImpl.java:43)
Caused by: java.lang.IllegalArgumentException: Object is null
	at com.kms.katalon.core.helper.KeywordHelper.checkTestObjectParameter(KeywordHelper.java:33)
	at com.kms.katalon.core.webui.keyword.builtin.SetTextKeyword$_setText_closure1.doCall(SetTextKeyword.groovy:47)
	at com.kms.katalon.core.webui.keyword.builtin.SetTextKeyword$_setText_closure1.call(SetTextKeyword.groovy)
	at com.kms.katalon.core.webui.keyword.internal.WebUIKeywordMain.runKeyword(WebUIKeywordMain.groovy:20)
	... 23 more


06-08-2024T15:20:31 - [TEST_STEP][PASSED] - openBrowser(""): Browser is opened with url: ''

06-08-2024T15:20:31 - [MESSAGE][WARNING] - A browser is already opened. Closing browser and opening a new one

06-08-2024T15:20:32 - [MESSAGE][INFO] - Starting 'Chrome' driver

06-08-2024T15:20:32 - [MESSAGE][INFO] - Action delay is set to 0 milliseconds

06-08-2024T15:20:34 - [MESSAGE][PASSED] - Browser is opened with url: ''

06-08-2024T15:20:34 - [TEST_STEP][PASSED] - navigateToUrl("https://opensource-demo.orangehrmlive.com/web/index.php/auth/login"): Navigate to 'https://opensource-demo.orangehrmlive.com/web/index.php/auth/login' successfully

06-08-2024T15:20:46 - [MESSAGE][PASSED] - Navigate to 'https://opensource-demo.orangehrmlive.com/web/index.php/auth/login' successfully

06-08-2024T15:20:46 - [TEST_STEP][PASSED] - setText(findTestObject("LoginPage/UserNameField"), "Admin"): Text 'Admin' is set on object 'Object Repository/LoginPage/UserNameField'

06-08-2024T15:20:48 - [MESSAGE][PASSED] - Text 'Admin' is set on object 'Object Repository/LoginPage/UserNameField'

06-08-2024T15:20:48 - [TEST_STEP][PASSED] - setEncryptedText(findTestObject("LoginPage/PasswordField"), "hUKwJTbofgPU9eVlw/CnDQ=="): Text ****** has been set on object 'Object Repository/LoginPage/PasswordField'

06-08-2024T15:20:50 - [MESSAGE][PASSED] - Text ****** has been set on object 'Object Repository/LoginPage/PasswordField'

06-08-2024T15:20:50 - [TEST_STEP][PASSED] - click(findTestObject("LoginPage/LoginButton")): Object: 'Object Repository/LoginPage/LoginButton' is clicked on

06-08-2024T15:20:52 - [MESSAGE][PASSED] - Object: 'Object Repository/LoginPage/LoginButton' is clicked on

06-08-2024T15:20:52 - [TEST_STEP][PASSED] - click(findTestObject("HomePage/Page_OrangeHRM/AdminLink")): Object: 'Object Repository/HomePage/Page_OrangeHRM/AdminLink' is clicked on

06-08-2024T15:20:57 - [MESSAGE][PASSED] - Object: 'Object Repository/HomePage/Page_OrangeHRM/AdminLink' is clicked on

06-08-2024T15:20:57 - [TEST_STEP][PASSED] - click(findTestObject("Object Repository/Nationality/NationalitiesLink")): Object: 'Object Repository/Nationality/NationalitiesLink' is clicked on

06-08-2024T15:21:00 - [MESSAGE][PASSED] - Object: 'Object Repository/Nationality/NationalitiesLink' is clicked on

06-08-2024T15:21:00 - [TEST_STEP][FAILED] - setText(findTestObject("Object Repository/Nationality/input_Password_oxd-input oxd-input--active"), "aaaaa edited edited"): Unable to set text (Root cause: com.kms.katalon.core.exception.StepFailedException: Unable to set text
	at com.kms.katalon.core.webui.keyword.internal.WebUIKeywordMain.stepFailed(WebUIKeywordMain.groovy:64)
	at com.kms.katalon.core.webui.keyword.internal.WebUIKeywordMain.runKeyword(WebUIKeywordMain.groovy:26)
	at com.kms.katalon.core.webui.keyword.builtin.SetTextKeyword.setText(SetTextKeyword.groovy:85)
	at com.kms.katalon.core.webui.keyword.builtin.SetTextKeyword.execute(SetTextKeyword.groovy:39)
	at com.kms.katalon.core.keyword.internal.KeywordExecutor.executeKeywordForPlatform(KeywordExecutor.groovy:74)
	at com.kms.katalon.core.webui.keyword.WebUiBuiltInKeywords.setText(WebUiBuiltInKeywords.groovy:1019)
	at VerifyEditingNationality.run(VerifyEditingNationality:34)
	at com.kms.katalon.core.main.ScriptEngine.run(ScriptEngine.java:194)
	at com.kms.katalon.core.main.ScriptEngine.runScriptAsRawText(ScriptEngine.java:119)
	at com.kms.katalon.core.main.TestCaseExecutor.runScript(TestCaseExecutor.java:448)
	at com.kms.katalon.core.main.TestCaseExecutor.doExecute(TestCaseExecutor.java:439)
	at com.kms.katalon.core.main.TestCaseExecutor.processExecutionPhase(TestCaseExecutor.java:418)
	at com.kms.katalon.core.main.TestCaseExecutor.accessMainPhase(TestCaseExecutor.java:410)
	at com.kms.katalon.core.main.TestCaseExecutor.execute(TestCaseExecutor.java:285)
	at com.kms.katalon.core.main.TestCaseExecutor.execute(TestCaseExecutor.java:369)
	at com.kms.katalon.core.main.TestCaseExecutor.execute(TestCaseExecutor.java:369)
	at com.kms.katalon.core.main.TestCaseExecutor.execute(TestCaseExecutor.java:369)
	at com.kms.katalon.core.common.CommonExecutor.accessTestCaseMainPhase(CommonExecutor.java:65)
	at com.kms.katalon.core.main.TestSuiteExecutor.accessTestSuiteMainPhase(TestSuiteExecutor.java:150)
	at com.kms.katalon.core.main.TestSuiteExecutor.execute(TestSuiteExecutor.java:106)
	at com.kms.katalon.core.main.TestCaseMain.startTestSuite(TestCaseMain.java:180)
	at TempTestSuite1722937127383.run(TempTestSuite1722937127383.groovy:35)
	at java.base/jdk.internal.reflect.NativeMethodAccessorImpl.invoke0(Native Method)
	at java.base/jdk.internal.reflect.NativeMethodAccessorImpl.invoke(NativeMethodAccessorImpl.java:77)
	at java.base/jdk.internal.reflect.DelegatingMethodAccessorImpl.invoke(DelegatingMethodAccessorImpl.java:43)
Caused by: java.lang.IllegalArgumentException: Object is null
	at com.kms.katalon.core.helper.KeywordHelper.checkTestObjectParameter(KeywordHelper.java:33)
	at com.kms.katalon.core.webui.keyword.builtin.SetTextKeyword$_setText_closure1.doCall(SetTextKeyword.groovy:47)
	at com.kms.katalon.core.webui.keyword.builtin.SetTextKeyword$_setText_closure1.call(SetTextKeyword.groovy)
	at com.kms.katalon.core.webui.keyword.internal.WebUIKeywordMain.runKeyword(WebUIKeywordMain.groovy:20)
	at com.kms.katalon.core.webui.keyword.builtin.SetTextKeyword.setText(SetTextKeyword.groovy:85)
	at com.kms.katalon.core.webui.keyword.builtin.SetTextKeyword.execute(SetTextKeyword.groovy:39)
	at com.kms.katalon.core.keyword.internal.KeywordExecutor.executeKeywordForPlatform(KeywordExecutor.groovy:74)
	at com.kms.katalon.core.webui.keyword.WebUiBuiltInKeywords.setText(WebUiBuiltInKeywords.groovy:1019)
	at Script1721886124421.run(Script1721886124421.groovy:34)
	... 18 more
)

06-08-2024T15:21:00 - [MESSAGE][WARNING] - Test object with id 'Object Repository/Nationality/input_Password_oxd-input oxd-input--active' does not exist

06-08-2024T15:21:00 - [MESSAGE][WARNING] - Test object with id 'Object Repository/' does not exist

06-08-2024T15:21:00 - [MESSAGE][FAILED] - Unable to set text (Root cause: com.kms.katalon.core.exception.StepFailedException: Unable to set text
	at com.kms.katalon.core.webui.keyword.internal.WebUIKeywordMain.stepFailed(WebUIKeywordMain.groovy:64)
	at com.kms.katalon.core.webui.keyword.internal.WebUIKeywordMain.runKeyword(WebUIKeywordMain.groovy:26)
	at com.kms.katalon.core.webui.keyword.builtin.SetTextKeyword.setText(SetTextKeyword.groovy:85)
	at com.kms.katalon.core.webui.keyword.builtin.SetTextKeyword.execute(SetTextKeyword.groovy:39)
	at com.kms.katalon.core.keyword.internal.KeywordExecutor.executeKeywordForPlatform(KeywordExecutor.groovy:74)
	at com.kms.katalon.core.webui.keyword.WebUiBuiltInKeywords.setText(WebUiBuiltInKeywords.groovy:1019)
	at VerifyEditingNationality.run(VerifyEditingNationality:34)
	at com.kms.katalon.core.main.ScriptEngine.run(ScriptEngine.java:194)
	at com.kms.katalon.core.main.ScriptEngine.runScriptAsRawText(ScriptEngine.java:119)
	at com.kms.katalon.core.main.TestCaseExecutor.runScript(TestCaseExecutor.java:448)
	at com.kms.katalon.core.main.TestCaseExecutor.doExecute(TestCaseExecutor.java:439)
	at com.kms.katalon.core.main.TestCaseExecutor.processExecutionPhase(TestCaseExecutor.java:418)
	at com.kms.katalon.core.main.TestCaseExecutor.accessMainPhase(TestCaseExecutor.java:410)
	at com.kms.katalon.core.main.TestCaseExecutor.execute(TestCaseExecutor.java:285)
	at com.kms.katalon.core.main.TestCaseExecutor.execute(TestCaseExecutor.java:369)
	at com.kms.katalon.core.main.TestCaseExecutor.execute(TestCaseExecutor.java:369)
	at com.kms.katalon.core.main.TestCaseExecutor.execute(TestCaseExecutor.java:369)
	at com.kms.katalon.core.common.CommonExecutor.accessTestCaseMainPhase(CommonExecutor.java:65)
	at com.kms.katalon.core.main.TestSuiteExecutor.accessTestSuiteMainPhase(TestSuiteExecutor.java:150)
	at com.kms.katalon.core.main.TestSuiteExecutor.execute(TestSuiteExecutor.java:106)
	at com.kms.katalon.core.main.TestCaseMain.startTestSuite(TestCaseMain.java:180)
	at TempTestSuite1722937127383.run(TempTestSuite1722937127383.groovy:35)
	at java.base/jdk.internal.reflect.NativeMethodAccessorImpl.invoke0(Native Method)
	at java.base/jdk.internal.reflect.NativeMethodAccessorImpl.invoke(NativeMethodAccessorImpl.java:77)
	at java.base/jdk.internal.reflect.DelegatingMethodAccessorImpl.invoke(DelegatingMethodAccessorImpl.java:43)
Caused by: java.lang.IllegalArgumentException: Object is null
	at com.kms.katalon.core.helper.KeywordHelper.checkTestObjectParameter(KeywordHelper.java:33)
	at com.kms.katalon.core.webui.keyword.builtin.SetTextKeyword$_setText_closure1.doCall(SetTextKeyword.groovy:47)
	at com.kms.katalon.core.webui.keyword.builtin.SetTextKeyword$_setText_closure1.call(SetTextKeyword.groovy)
	at com.kms.katalon.core.webui.keyword.internal.WebUIKeywordMain.runKeyword(WebUIKeywordMain.groovy:20)
	at com.kms.katalon.core.webui.keyword.builtin.SetTextKeyword.setText(SetTextKeyword.groovy:85)
	at com.kms.katalon.core.webui.keyword.builtin.SetTextKeyword.execute(SetTextKeyword.groovy:39)
	at com.kms.katalon.core.keyword.internal.KeywordExecutor.executeKeywordForPlatform(KeywordExecutor.groovy:74)
	at com.kms.katalon.core.webui.keyword.WebUiBuiltInKeywords.setText(WebUiBuiltInKeywords.groovy:1019)
	at Script1721886124421.run(Script1721886124421.groovy:34)
	... 18 more
)
[[ATTACHMENT|D:\\KatalonTraining\\CertificationProject\\OrangeHRMS\\OrangeHRMS\\OrangeHRMS\\Reports\\20240806_150847\\AdminPanelTestSuite\\20240806_150847\\1722937860260.png]]]]></system-out>
         <system-err><![CDATA[06-08-2024T15:20:31 - [TEST_CASE][FAILED] - Test Cases/AdminPanelTests/VerifyEditingNationality: Test Cases/AdminPanelTests/VerifyEditingNationality FAILED.
Reason:
com.kms.katalon.core.exception.StepFailedException: Unable to set text
	at com.kms.katalon.core.webui.keyword.internal.WebUIKeywordMain.stepFailed(WebUIKeywordMain.groovy:64)
	at com.kms.katalon.core.webui.keyword.internal.WebUIKeywordMain.runKeyword(WebUIKeywordMain.groovy:26)
	at com.kms.katalon.core.webui.keyword.builtin.SetTextKeyword.setText(SetTextKeyword.groovy:85)
	at com.kms.katalon.core.webui.keyword.builtin.SetTextKeyword.execute(SetTextKeyword.groovy:39)
	at com.kms.katalon.core.keyword.internal.KeywordExecutor.executeKeywordForPlatform(KeywordExecutor.groovy:74)
	at com.kms.katalon.core.webui.keyword.WebUiBuiltInKeywords.setText(WebUiBuiltInKeywords.groovy:1019)
	at VerifyEditingNationality.run(VerifyEditingNationality:34)
	at com.kms.katalon.core.main.ScriptEngine.run(ScriptEngine.java:194)
	at com.kms.katalon.core.main.ScriptEngine.runScriptAsRawText(ScriptEngine.java:119)
	at com.kms.katalon.core.main.TestCaseExecutor.runScript(TestCaseExecutor.java:448)
	at com.kms.katalon.core.main.TestCaseExecutor.doExecute(TestCaseExecutor.java:439)
	at com.kms.katalon.core.main.TestCaseExecutor.processExecutionPhase(TestCaseExecutor.java:418)
	at com.kms.katalon.core.main.TestCaseExecutor.accessMainPhase(TestCaseExecutor.java:410)
	at com.kms.katalon.core.main.TestCaseExecutor.execute(TestCaseExecutor.java:285)
	at com.kms.katalon.core.main.TestCaseExecutor.execute(TestCaseExecutor.java:369)
	at com.kms.katalon.core.main.TestCaseExecutor.execute(TestCaseExecutor.java:369)
	at com.kms.katalon.core.main.TestCaseExecutor.execute(TestCaseExecutor.java:369)
	at com.kms.katalon.core.common.CommonExecutor.accessTestCaseMainPhase(CommonExecutor.java:65)
	at com.kms.katalon.core.main.TestSuiteExecutor.accessTestSuiteMainPhase(TestSuiteExecutor.java:150)
	at com.kms.katalon.core.main.TestSuiteExecutor.execute(TestSuiteExecutor.java:106)
	at com.kms.katalon.core.main.TestCaseMain.startTestSuite(TestCaseMain.java:180)
	at TempTestSuite1722937127383.run(TempTestSuite1722937127383.groovy:35)
	at java.base/jdk.internal.reflect.NativeMethodAccessorImpl.invoke0(Native Method)
	at java.base/jdk.internal.reflect.NativeMethodAccessorImpl.invoke(NativeMethodAccessorImpl.java:77)
	at java.base/jdk.internal.reflect.DelegatingMethodAccessorImpl.invoke(DelegatingMethodAccessorImpl.java:43)
Caused by: java.lang.IllegalArgumentException: Object is null
	at com.kms.katalon.core.helper.KeywordHelper.checkTestObjectParameter(KeywordHelper.java:33)
	at com.kms.katalon.core.webui.keyword.builtin.SetTextKeyword$_setText_closure1.doCall(SetTextKeyword.groovy:47)
	at com.kms.katalon.core.webui.keyword.builtin.SetTextKeyword$_setText_closure1.call(SetTextKeyword.groovy)
	at com.kms.katalon.core.webui.keyword.internal.WebUIKeywordMain.runKeyword(WebUIKeywordMain.groovy:20)
	... 23 more]]></system-err>
      </testcase>
      <testcase name="Test Cases/AdminPanelTests/VerifyEmployeeSearch" time="41.048" classname="Test Cases/AdminPanelTests/VerifyEmployeeSearch" status="PASSED">
         <system-out><![CDATA[06-08-2024T15:21:00 - [TEST_CASE][PASSED] - Test Cases/AdminPanelTests/VerifyEmployeeSearch: Test Cases/AdminPanelTests/VerifyEmployeeSearch

06-08-2024T15:21:00 - [TEST_STEP][PASSED] - openBrowser(""): Browser is opened with url: ''

06-08-2024T15:21:00 - [MESSAGE][WARNING] - A browser is already opened. Closing browser and opening a new one

06-08-2024T15:21:02 - [MESSAGE][INFO] - Starting 'Chrome' driver

06-08-2024T15:21:02 - [MESSAGE][INFO] - Action delay is set to 0 milliseconds

06-08-2024T15:21:03 - [MESSAGE][PASSED] - Browser is opened with url: ''

06-08-2024T15:21:03 - [TEST_STEP][PASSED] - navigateToUrl("https://opensource-demo.orangehrmlive.com/web/index.php/auth/login"): Navigate to 'https://opensource-demo.orangehrmlive.com/web/index.php/auth/login' successfully

06-08-2024T15:21:17 - [MESSAGE][PASSED] - Navigate to 'https://opensource-demo.orangehrmlive.com/web/index.php/auth/login' successfully

06-08-2024T15:21:17 - [TEST_STEP][PASSED] - setText(findTestObject("LoginPage/UserNameField"), "Admin"): Text 'Admin' is set on object 'Object Repository/LoginPage/UserNameField'

06-08-2024T15:21:21 - [MESSAGE][PASSED] - Text 'Admin' is set on object 'Object Repository/LoginPage/UserNameField'

06-08-2024T15:21:21 - [TEST_STEP][PASSED] - setEncryptedText(findTestObject("LoginPage/PasswordField"), "hUKwJTbofgPU9eVlw/CnDQ=="): Text ****** has been set on object 'Object Repository/LoginPage/PasswordField'

06-08-2024T15:21:22 - [MESSAGE][PASSED] - Text ****** has been set on object 'Object Repository/LoginPage/PasswordField'

06-08-2024T15:21:22 - [TEST_STEP][PASSED] - click(findTestObject("LoginPage/LoginButton")): Object: 'Object Repository/LoginPage/LoginButton' is clicked on

06-08-2024T15:21:29 - [MESSAGE][PASSED] - Object: 'Object Repository/LoginPage/LoginButton' is clicked on

06-08-2024T15:21:29 - [TEST_STEP][PASSED] - click(findTestObject("HomePage/Page_OrangeHRM/AdminLink")): Object: 'Object Repository/HomePage/Page_OrangeHRM/AdminLink' is clicked on

06-08-2024T15:21:35 - [MESSAGE][PASSED] - Object: 'Object Repository/HomePage/Page_OrangeHRM/AdminLink' is clicked on

06-08-2024T15:21:35 - [TEST_STEP][PASSED] - setText(findTestObject("Object Repository/AdminPage/UserNameFieldForSearch"), "admin"): Text 'admin' is set on object 'Object Repository/AdminPage/UserNameFieldForSearch'

06-08-2024T15:21:37 - [MESSAGE][PASSED] - Text 'admin' is set on object 'Object Repository/AdminPage/UserNameFieldForSearch'

06-08-2024T15:21:37 - [TEST_STEP][PASSED] - click(findTestObject("Object Repository/AdminPage/SearchButton")): Object: 'Object Repository/AdminPage/SearchButton' is clicked on

06-08-2024T15:21:38 - [MESSAGE][PASSED] - Object: 'Object Repository/AdminPage/SearchButton' is clicked on

06-08-2024T15:21:38 - [TEST_STEP][PASSED] - verifyElementText(findTestObject("AdminPage/RecordFoundText"), "(1) Record Found"): Actual text and expected text of test object 'Object Repository/AdminPage/RecordFoundText' are matched.

06-08-2024T15:21:40 - [MESSAGE][PASSED] - Actual text and expected text of test object 'Object Repository/AdminPage/RecordFoundText' are matched.

06-08-2024T15:21:40 - [TEST_STEP][PASSED] - verifyElementText(findTestObject("Object Repository/AdminPage/div_Admin"), "Admin"): Actual text and expected text of test object 'Object Repository/AdminPage/div_Admin' are matched.

06-08-2024T15:21:41 - [MESSAGE][PASSED] - Actual text and expected text of test object 'Object Repository/AdminPage/div_Admin' are matched.

06-08-2024T15:21:41 - [TEST_STEP][PASSED] - verifyElementText(findTestObject("Object Repository/AdminPage/UserNameInSearchResult"), "manda user"): Actual text and expected text of test object 'Object Repository/AdminPage/UserNameInSearchResult' are matched.

06-08-2024T15:21:41 - [MESSAGE][PASSED] - Actual text and expected text of test object 'Object Repository/AdminPage/UserNameInSearchResult' are matched.]]></system-out>
         <system-err><![CDATA[]]></system-err>
      </testcase>
      <system-out><![CDATA[06-08-2024T15:08:56 - [TEST_SUITE][FAILED] - AdminPanelTestSuite: Test Cases/AdminPanelTests/VerifyAddingANewNationality FAILED.
Reason:
com.kms.katalon.core.exception.StepFailedException: Verify element text of test object 'Object Repository/Nationality/SuccessMessage' FAILED.
	at com.kms.katalon.core.webui.keyword.internal.WebUIKeywordMain.stepFailed(WebUIKeywordMain.groovy:64)
	at com.kms.katalon.core.webui.keyword.internal.WebUIKeywordMain.runKeyword(WebUIKeywordMain.groovy:26)
	at com.kms.katalon.core.webui.keyword.builtin.VerifyElementTextKeyword.verifyElementText(VerifyElementTextKeyword.groovy:72)
	at com.kms.katalon.core.webui.keyword.builtin.VerifyElementTextKeyword.execute(VerifyElementTextKeyword.groovy:40)
	at com.kms.katalon.core.keyword.internal.KeywordExecutor.executeKeywordForPlatform(KeywordExecutor.groovy:74)
	at com.kms.katalon.core.webui.keyword.WebUiBuiltInKeywords.verifyElementText(WebUiBuiltInKeywords.groovy:4835)
	at VerifyAddingANewNationality.run(VerifyAddingANewNationality:40)
	at com.kms.katalon.core.main.ScriptEngine.run(ScriptEngine.java:194)
	at com.kms.katalon.core.main.ScriptEngine.runScriptAsRawText(ScriptEngine.java:119)
	at com.kms.katalon.core.main.TestCaseExecutor.runScript(TestCaseExecutor.java:448)
	at com.kms.katalon.core.main.TestCaseExecutor.doExecute(TestCaseExecutor.java:439)
	at com.kms.katalon.core.main.TestCaseExecutor.processExecutionPhase(TestCaseExecutor.java:418)
	at com.kms.katalon.core.main.TestCaseExecutor.accessMainPhase(TestCaseExecutor.java:410)
	at com.kms.katalon.core.main.TestCaseExecutor.execute(TestCaseExecutor.java:285)
	at com.kms.katalon.core.common.CommonExecutor.accessTestCaseMainPhase(CommonExecutor.java:65)
	at com.kms.katalon.core.main.TestSuiteExecutor.accessTestSuiteMainPhase(TestSuiteExecutor.java:150)
	at com.kms.katalon.core.main.TestSuiteExecutor.execute(TestSuiteExecutor.java:106)
	at com.kms.katalon.core.main.TestCaseMain.startTestSuite(TestCaseMain.java:180)
	at TempTestSuite1722937127383.run(TempTestSuite1722937127383.groovy:35)
	at java.base/jdk.internal.reflect.NativeMethodAccessorImpl.invoke0(Native Method)
	at java.base/jdk.internal.reflect.NativeMethodAccessorImpl.invoke(NativeMethodAccessorImpl.java:77)
	at java.base/jdk.internal.reflect.DelegatingMethodAccessorImpl.invoke(DelegatingMethodAccessorImpl.java:43)
Caused by: com.kms.katalon.core.exception.StepFailedException: Actual text 'Info
No Records Found
Ã—' and expected text 'Succesfully Saved' of test object 'Object Repository/Nationality/SuccessMessage' are NOT matched.
	at com.kms.katalon.core.webui.keyword.internal.WebUIKeywordMain.stepFailed(WebUIKeywordMain.groovy:64)
	at com.kms.katalon.core.webui.keyword.builtin.VerifyElementTextKeyword$_verifyElementText_closure1.doCall(VerifyElementTextKeyword.groovy:57)
	at com.kms.katalon.core.webui.keyword.builtin.VerifyElementTextKeyword$_verifyElementText_closure1.call(VerifyElementTextKeyword.groovy)
	at com.kms.katalon.core.webui.keyword.internal.WebUIKeywordMain.runKeyword(WebUIKeywordMain.groovy:20)
	... 20 more]]></system-out>
      <system-err><![CDATA[06-08-2024T15:08:56 - [TEST_SUITE][FAILED] - AdminPanelTestSuite: Test Cases/AdminPanelTests/VerifyAddingANewNationality FAILED.
Reason:
com.kms.katalon.core.exception.StepFailedException: Verify element text of test object 'Object Repository/Nationality/SuccessMessage' FAILED.
	at com.kms.katalon.core.webui.keyword.internal.WebUIKeywordMain.stepFailed(WebUIKeywordMain.groovy:64)
	at com.kms.katalon.core.webui.keyword.internal.WebUIKeywordMain.runKeyword(WebUIKeywordMain.groovy:26)
	at com.kms.katalon.core.webui.keyword.builtin.VerifyElementTextKeyword.verifyElementText(VerifyElementTextKeyword.groovy:72)
	at com.kms.katalon.core.webui.keyword.builtin.VerifyElementTextKeyword.execute(VerifyElementTextKeyword.groovy:40)
	at com.kms.katalon.core.keyword.internal.KeywordExecutor.executeKeywordForPlatform(KeywordExecutor.groovy:74)
	at com.kms.katalon.core.webui.keyword.WebUiBuiltInKeywords.verifyElementText(WebUiBuiltInKeywords.groovy:4835)
	at VerifyAddingANewNationality.run(VerifyAddingANewNationality:40)
	at com.kms.katalon.core.main.ScriptEngine.run(ScriptEngine.java:194)
	at com.kms.katalon.core.main.ScriptEngine.runScriptAsRawText(ScriptEngine.java:119)
	at com.kms.katalon.core.main.TestCaseExecutor.runScript(TestCaseExecutor.java:448)
	at com.kms.katalon.core.main.TestCaseExecutor.doExecute(TestCaseExecutor.java:439)
	at com.kms.katalon.core.main.TestCaseExecutor.processExecutionPhase(TestCaseExecutor.java:418)
	at com.kms.katalon.core.main.TestCaseExecutor.accessMainPhase(TestCaseExecutor.java:410)
	at com.kms.katalon.core.main.TestCaseExecutor.execute(TestCaseExecutor.java:285)
	at com.kms.katalon.core.common.CommonExecutor.accessTestCaseMainPhase(CommonExecutor.java:65)
	at com.kms.katalon.core.main.TestSuiteExecutor.accessTestSuiteMainPhase(TestSuiteExecutor.java:150)
	at com.kms.katalon.core.main.TestSuiteExecutor.execute(TestSuiteExecutor.java:106)
	at com.kms.katalon.core.main.TestCaseMain.startTestSuite(TestCaseMain.java:180)
	at TempTestSuite1722937127383.run(TempTestSuite1722937127383.groovy:35)
	at java.base/jdk.internal.reflect.NativeMethodAccessorImpl.invoke0(Native Method)
	at java.base/jdk.internal.reflect.NativeMethodAccessorImpl.invoke(NativeMethodAccessorImpl.java:77)
	at java.base/jdk.internal.reflect.DelegatingMethodAccessorImpl.invoke(DelegatingMethodAccessorImpl.java:43)
Caused by: com.kms.katalon.core.exception.StepFailedException: Actual text 'Info
No Records Found
Ã—' and expected text 'Succesfully Saved' of test object 'Object Repository/Nationality/SuccessMessage' are NOT matched.
	at com.kms.katalon.core.webui.keyword.internal.WebUIKeywordMain.stepFailed(WebUIKeywordMain.groovy:64)
	at com.kms.katalon.core.webui.keyword.builtin.VerifyElementTextKeyword$_verifyElementText_closure1.doCall(VerifyElementTextKeyword.groovy:57)
	at com.kms.katalon.core.webui.keyword.builtin.VerifyElementTextKeyword$_verifyElementText_closure1.call(VerifyElementTextKeyword.groovy)
	at com.kms.katalon.core.webui.keyword.internal.WebUIKeywordMain.runKeyword(WebUIKeywordMain.groovy:20)
	... 20 more]]></system-err>
   </testsuite>
</testsuites>
